
*** Running vivado
    with args -log dist_mem_gen_0.vds -m64 -product Vivado -mode batch -messageDb vivado.pb -notrace -source dist_mem_gen_0.tcl



****** Vivado v2024.1 (64-bit)
  **** SW Build 5076996 on Wed May 22 18:37:14 MDT 2024
  **** IP Build 5075265 on Wed May 22 21:45:21 MDT 2024
  **** SharedData Build 5076995 on Wed May 22 18:29:18 MDT 2024
  **** Start of session at: Sun Jan  5 11:58:05 2025
    ** Copyright 1986-2022 Xilinx, Inc. All Rights Reserved.
    ** Copyright 2022-2024 Advanced Micro Devices, Inc. All Rights Reserved.

source dist_mem_gen_0.tcl -notrace
create_project: Time (s): cpu = 00:00:05 ; elapsed = 00:00:05 . Memory (MB): peak = 627.004 ; gain = 197.113
INFO: [IP_Flow 19-6924] IPCACHE: Running cache check for IP inst: dist_mem_gen_0
Command: synth_design -top dist_mem_gen_0 -part xa7a12tcpg238-2I -incremental_mode off -mode out_of_context
Starting synth_design
Attempting to get a license for feature 'Synthesis' and/or device 'xa7a12t'
INFO: [Common 17-349] Got license for feature 'Synthesis' and/or device 'xa7a12t'
INFO: [Device 21-403] Loading part xa7a12tcpg238-2I
INFO: [Device 21-9227] Part: xa7a12tcpg238-2I does not have CEAM library.
INFO: [Synth 8-7079] Multithreading enabled for synth_design using a maximum of 2 processes.
INFO: [Synth 8-7078] Launching helper process for spawning children vivado processes
INFO: [Synth 8-7075] Helper process launched with PID 5088
---------------------------------------------------------------------------------
Starting RTL Elaboration : Time (s): cpu = 00:00:03 ; elapsed = 00:00:04 . Memory (MB): peak = 1474.418 ; gain = 446.898
---------------------------------------------------------------------------------
INFO: [Synth 8-638] synthesizing module 'dist_mem_gen_0' [c:/Users/denis/Desktop/vpc/project_1/project_1.gen/sources_1/ip/dist_mem_gen_0/synth/dist_mem_gen_0.vhd:73]
	Parameter C_FAMILY bound to: artix7 - type: string 
	Parameter C_ADDR_WIDTH bound to: 6 - type: integer 
	Parameter C_DEFAULT_DATA bound to: 0 - type: string 
	Parameter C_DEPTH bound to: 64 - type: integer 
	Parameter C_HAS_CLK bound to: 1 - type: integer 
	Parameter C_HAS_D bound to: 1 - type: integer 
	Parameter C_HAS_DPO bound to: 0 - type: integer 
	Parameter C_HAS_DPRA bound to: 0 - type: integer 
	Parameter C_HAS_I_CE bound to: 0 - type: integer 
	Parameter C_HAS_QDPO bound to: 0 - type: integer 
	Parameter C_HAS_QDPO_CE bound to: 0 - type: integer 
	Parameter C_HAS_QDPO_CLK bound to: 0 - type: integer 
	Parameter C_HAS_QDPO_RST bound to: 0 - type: integer 
	Parameter C_HAS_QDPO_SRST bound to: 0 - type: integer 
	Parameter C_HAS_QSPO bound to: 1 - type: integer 
	Parameter C_HAS_QSPO_CE bound to: 1 - type: integer 
	Parameter C_HAS_QSPO_RST bound to: 1 - type: integer 
	Parameter C_HAS_QSPO_SRST bound to: 1 - type: integer 
	Parameter C_HAS_SPO bound to: 1 - type: integer 
	Parameter C_HAS_WE bound to: 1 - type: integer 
	Parameter C_MEM_INIT_FILE bound to: no_coe_file_loaded - type: string 
	Parameter C_ELABORATION_DIR bound to: ./ - type: string 
	Parameter C_MEM_TYPE bound to: 1 - type: integer 
	Parameter C_PIPELINE_STAGES bound to: 0 - type: integer 
	Parameter C_QCE_JOINED bound to: 0 - type: integer 
	Parameter C_QUALIFY_WE bound to: 0 - type: integer 
	Parameter C_READ_MIF bound to: 0 - type: integer 
	Parameter C_REG_A_D_INPUTS bound to: 0 - type: integer 
	Parameter C_REG_DPRA_INPUT bound to: 0 - type: integer 
	Parameter C_SYNC_ENABLE bound to: 0 - type: integer 
	Parameter C_WIDTH bound to: 16 - type: integer 
	Parameter C_PARSER_TYPE bound to: 1 - type: integer 
INFO: [Synth 8-3491] module 'dist_mem_gen_v8_0_15' declared at 'c:/Users/denis/Desktop/vpc/project_1/project_1.gen/sources_1/ip/dist_mem_gen_0/hdl/dist_mem_gen_v8_0_vhsyn_rfs.vhd:3191' bound to instance 'U0' of component 'dist_mem_gen_v8_0_15' [c:/Users/denis/Desktop/vpc/project_1/project_1.gen/sources_1/ip/dist_mem_gen_0/synth/dist_mem_gen_0.vhd:139]
INFO: [Synth 8-256] done synthesizing module 'dist_mem_gen_0' (0#1) [c:/Users/denis/Desktop/vpc/project_1/project_1.gen/sources_1/ip/dist_mem_gen_0/synth/dist_mem_gen_0.vhd:73]
WARNING: [Synth 8-7129] Port i_ce in module spram is either unconnected or has no load
WARNING: [Synth 8-7129] Port dpo[15] in module dist_mem_gen_v8_0_15_synth is either unconnected or has no load
WARNING: [Synth 8-7129] Port dpo[14] in module dist_mem_gen_v8_0_15_synth is either unconnected or has no load
WARNING: [Synth 8-7129] Port dpo[13] in module dist_mem_gen_v8_0_15_synth is either unconnected or has no load
WARNING: [Synth 8-7129] Port dpo[12] in module dist_mem_gen_v8_0_15_synth is either unconnected or has no load
WARNING: [Synth 8-7129] Port dpo[11] in module dist_mem_gen_v8_0_15_synth is either unconnected or has no load
WARNING: [Synth 8-7129] Port dpo[10] in module dist_mem_gen_v8_0_15_synth is either unconnected or has no load
WARNING: [Synth 8-7129] Port dpo[9] in module dist_mem_gen_v8_0_15_synth is either unconnected or has no load
WARNING: [Synth 8-7129] Port dpo[8] in module dist_mem_gen_v8_0_15_synth is either unconnected or has no load
WARNING: [Synth 8-7129] Port dpo[7] in module dist_mem_gen_v8_0_15_synth is either unconnected or has no load
WARNING: [Synth 8-7129] Port dpo[6] in module dist_mem_gen_v8_0_15_synth is either unconnected or has no load
WARNING: [Synth 8-7129] Port dpo[5] in module dist_mem_gen_v8_0_15_synth is either unconnected or has no load
WARNING: [Synth 8-7129] Port dpo[4] in module dist_mem_gen_v8_0_15_synth is either unconnected or has no load
WARNING: [Synth 8-7129] Port dpo[3] in module dist_mem_gen_v8_0_15_synth is either unconnected or has no load
WARNING: [Synth 8-7129] Port dpo[2] in module dist_mem_gen_v8_0_15_synth is either unconnected or has no load
WARNING: [Synth 8-7129] Port dpo[1] in module dist_mem_gen_v8_0_15_synth is either unconnected or has no load
WARNING: [Synth 8-7129] Port dpo[0] in module dist_mem_gen_v8_0_15_synth is either unconnected or has no load
WARNING: [Synth 8-7129] Port qdpo[15] in module dist_mem_gen_v8_0_15_synth is either unconnected or has no load
WARNING: [Synth 8-7129] Port qdpo[14] in module dist_mem_gen_v8_0_15_synth is either unconnected or has no load
WARNING: [Synth 8-7129] Port qdpo[13] in module dist_mem_gen_v8_0_15_synth is either unconnected or has no load
WARNING: [Synth 8-7129] Port qdpo[12] in module dist_mem_gen_v8_0_15_synth is either unconnected or has no load
WARNING: [Synth 8-7129] Port qdpo[11] in module dist_mem_gen_v8_0_15_synth is either unconnected or has no load
WARNING: [Synth 8-7129] Port qdpo[10] in module dist_mem_gen_v8_0_15_synth is either unconnected or has no load
WARNING: [Synth 8-7129] Port qdpo[9] in module dist_mem_gen_v8_0_15_synth is either unconnected or has no load
WARNING: [Synth 8-7129] Port qdpo[8] in module dist_mem_gen_v8_0_15_synth is either unconnected or has no load
WARNING: [Synth 8-7129] Port qdpo[7] in module dist_mem_gen_v8_0_15_synth is either unconnected or has no load
WARNING: [Synth 8-7129] Port qdpo[6] in module dist_mem_gen_v8_0_15_synth is either unconnected or has no load
WARNING: [Synth 8-7129] Port qdpo[5] in module dist_mem_gen_v8_0_15_synth is either unconnected or has no load
WARNING: [Synth 8-7129] Port qdpo[4] in module dist_mem_gen_v8_0_15_synth is either unconnected or has no load
WARNING: [Synth 8-7129] Port qdpo[3] in module dist_mem_gen_v8_0_15_synth is either unconnected or has no load
WARNING: [Synth 8-7129] Port qdpo[2] in module dist_mem_gen_v8_0_15_synth is either unconnected or has no load
WARNING: [Synth 8-7129] Port qdpo[1] in module dist_mem_gen_v8_0_15_synth is either unconnected or has no load
WARNING: [Synth 8-7129] Port qdpo[0] in module dist_mem_gen_v8_0_15_synth is either unconnected or has no load
WARNING: [Synth 8-7129] Port dpra[5] in module dist_mem_gen_v8_0_15_synth is either unconnected or has no load
WARNING: [Synth 8-7129] Port dpra[4] in module dist_mem_gen_v8_0_15_synth is either unconnected or has no load
WARNING: [Synth 8-7129] Port dpra[3] in module dist_mem_gen_v8_0_15_synth is either unconnected or has no load
WARNING: [Synth 8-7129] Port dpra[2] in module dist_mem_gen_v8_0_15_synth is either unconnected or has no load
WARNING: [Synth 8-7129] Port dpra[1] in module dist_mem_gen_v8_0_15_synth is either unconnected or has no load
WARNING: [Synth 8-7129] Port dpra[0] in module dist_mem_gen_v8_0_15_synth is either unconnected or has no load
WARNING: [Synth 8-7129] Port qdpo_ce in module dist_mem_gen_v8_0_15_synth is either unconnected or has no load
WARNING: [Synth 8-7129] Port qdpo_clk in module dist_mem_gen_v8_0_15_synth is either unconnected or has no load
WARNING: [Synth 8-7129] Port qdpo_rst in module dist_mem_gen_v8_0_15_synth is either unconnected or has no load
WARNING: [Synth 8-7129] Port qdpo_srst in module dist_mem_gen_v8_0_15_synth is either unconnected or has no load
WARNING: [Synth 8-7129] Port dpra[5] in module dist_mem_gen_v8_0_15 is either unconnected or has no load
WARNING: [Synth 8-7129] Port dpra[4] in module dist_mem_gen_v8_0_15 is either unconnected or has no load
WARNING: [Synth 8-7129] Port dpra[3] in module dist_mem_gen_v8_0_15 is either unconnected or has no load
WARNING: [Synth 8-7129] Port dpra[2] in module dist_mem_gen_v8_0_15 is either unconnected or has no load
WARNING: [Synth 8-7129] Port dpra[1] in module dist_mem_gen_v8_0_15 is either unconnected or has no load
WARNING: [Synth 8-7129] Port dpra[0] in module dist_mem_gen_v8_0_15 is either unconnected or has no load
WARNING: [Synth 8-7129] Port i_ce in module dist_mem_gen_v8_0_15 is either unconnected or has no load
WARNING: [Synth 8-7129] Port qdpo_ce in module dist_mem_gen_v8_0_15 is either unconnected or has no load
WARNING: [Synth 8-7129] Port qdpo_clk in module dist_mem_gen_v8_0_15 is either unconnected or has no load
WARNING: [Synth 8-7129] Port qdpo_rst in module dist_mem_gen_v8_0_15 is either unconnected or has no load
WARNING: [Synth 8-7129] Port qdpo_srst in module dist_mem_gen_v8_0_15 is either unconnected or has no load
---------------------------------------------------------------------------------
Finished RTL Elaboration : Time (s): cpu = 00:00:04 ; elapsed = 00:00:05 . Memory (MB): peak = 1587.270 ; gain = 559.750
---------------------------------------------------------------------------------
---------------------------------------------------------------------------------
Start Handling Custom Attributes
---------------------------------------------------------------------------------
---------------------------------------------------------------------------------
Finished Handling Custom Attributes : Time (s): cpu = 00:00:04 ; elapsed = 00:00:05 . Memory (MB): peak = 1587.270 ; gain = 559.750
---------------------------------------------------------------------------------
---------------------------------------------------------------------------------
Finished RTL Optimization Phase 1 : Time (s): cpu = 00:00:04 ; elapsed = 00:00:05 . Memory (MB): peak = 1587.270 ; gain = 559.750
---------------------------------------------------------------------------------
Netlist sorting complete. Time (s): cpu = 00:00:00 ; elapsed = 00:00:00 . Memory (MB): peak = 1587.270 ; gain = 0.000
INFO: [Project 1-570] Preparing netlist for logic optimization

Processing XDC Constraints
Initializing timing engine
Parsing XDC File [c:/Users/denis/Desktop/vpc/project_1/project_1.gen/sources_1/ip/dist_mem_gen_0/dist_mem_gen_0_ooc.xdc] for cell 'U0'
Finished Parsing XDC File [c:/Users/denis/Desktop/vpc/project_1/project_1.gen/sources_1/ip/dist_mem_gen_0/dist_mem_gen_0_ooc.xdc] for cell 'U0'
Parsing XDC File [C:/Users/denis/Desktop/vpc/project_1/project_1.runs/dist_mem_gen_0_synth_1/dont_touch.xdc]
Finished Parsing XDC File [C:/Users/denis/Desktop/vpc/project_1/project_1.runs/dist_mem_gen_0_synth_1/dont_touch.xdc]
Completed Processing XDC Constraints

Netlist sorting complete. Time (s): cpu = 00:00:00 ; elapsed = 00:00:00 . Memory (MB): peak = 1587.270 ; gain = 0.000
INFO: [Project 1-111] Unisim Transformation Summary:
No Unisim elements were transformed.

Constraint Validation Runtime : Time (s): cpu = 00:00:00 ; elapsed = 00:00:00.024 . Memory (MB): peak = 1587.270 ; gain = 0.000
INFO: [Designutils 20-5008] Incremental synthesis strategy off
---------------------------------------------------------------------------------
Finished Constraint Validation : Time (s): cpu = 00:00:09 ; elapsed = 00:00:10 . Memory (MB): peak = 1587.270 ; gain = 559.750
---------------------------------------------------------------------------------
---------------------------------------------------------------------------------
Start Loading Part and Timing Information
---------------------------------------------------------------------------------
Loading part: xa7a12tcpg238-2I
---------------------------------------------------------------------------------
Finished Loading Part and Timing Information : Time (s): cpu = 00:00:09 ; elapsed = 00:00:10 . Memory (MB): peak = 1587.270 ; gain = 559.750
---------------------------------------------------------------------------------
---------------------------------------------------------------------------------
Start Applying 'set_property' XDC Constraints
---------------------------------------------------------------------------------
Applied set_property KEEP_HIERARCHY = SOFT for U0. (constraint file  C:/Users/denis/Desktop/vpc/project_1/project_1.runs/dist_mem_gen_0_synth_1/dont_touch.xdc, line 9).
---------------------------------------------------------------------------------
Finished applying 'set_property' XDC Constraints : Time (s): cpu = 00:00:09 ; elapsed = 00:00:10 . Memory (MB): peak = 1587.270 ; gain = 559.750
---------------------------------------------------------------------------------
---------------------------------------------------------------------------------
Finished RTL Optimization Phase 2 : Time (s): cpu = 00:00:09 ; elapsed = 00:00:10 . Memory (MB): peak = 1587.270 ; gain = 559.750
---------------------------------------------------------------------------------
---------------------------------------------------------------------------------
Start RTL Component Statistics 
---------------------------------------------------------------------------------
Detailed RTL Component Info : 
+---Registers : 
	               16 Bit    Registers := 1     
+---Muxes : 
	   2 Input   16 Bit        Muxes := 2     
---------------------------------------------------------------------------------
Finished RTL Component Statistics 
---------------------------------------------------------------------------------
---------------------------------------------------------------------------------
Start Part Resource Summary
---------------------------------------------------------------------------------
Part Resources:
DSPs: 40 (col length:40)
BRAMs: 40 (col length: RAMB18 40 RAMB36 20)
---------------------------------------------------------------------------------
Finished Part Resource Summary
---------------------------------------------------------------------------------
---------------------------------------------------------------------------------
Start Cross Boundary and Area Optimization
---------------------------------------------------------------------------------
WARNING: [Synth 8-7080] Parallel synthesis criteria is not met
WARNING: [Synth 8-7129] Port dpo[15] in module dist_mem_gen_v8_0_15 is either unconnected or has no load
WARNING: [Synth 8-7129] Port dpo[14] in module dist_mem_gen_v8_0_15 is either unconnected or has no load
WARNING: [Synth 8-7129] Port dpo[13] in module dist_mem_gen_v8_0_15 is either unconnected or has no load
WARNING: [Synth 8-7129] Port dpo[12] in module dist_mem_gen_v8_0_15 is either unconnected or has no load
WARNING: [Synth 8-7129] Port dpo[11] in module dist_mem_gen_v8_0_15 is either unconnected or has no load
WARNING: [Synth 8-7129] Port dpo[10] in module dist_mem_gen_v8_0_15 is either unconnected or has no load
WARNING: [Synth 8-7129] Port dpo[9] in module dist_mem_gen_v8_0_15 is either unconnected or has no load
WARNING: [Synth 8-7129] Port dpo[8] in module dist_mem_gen_v8_0_15 is either unconnected or has no load
WARNING: [Synth 8-7129] Port dpo[7] in module dist_mem_gen_v8_0_15 is either unconnected or has no load
WARNING: [Synth 8-7129] Port dpo[6] in module dist_mem_gen_v8_0_15 is either unconnected or has no load
WARNING: [Synth 8-7129] Port dpo[5] in module dist_mem_gen_v8_0_15 is either unconnected or has no load
WARNING: [Synth 8-7129] Port dpo[4] in module dist_mem_gen_v8_0_15 is either unconnected or has no load
WARNING: [Synth 8-7129] Port dpo[3] in module dist_mem_gen_v8_0_15 is either unconnected or has no load
WARNING: [Synth 8-7129] Port dpo[2] in module dist_mem_gen_v8_0_15 is either unconnected or has no load
WARNING: [Synth 8-7129] Port dpo[1] in module dist_mem_gen_v8_0_15 is either unconnected or has no load
WARNING: [Synth 8-7129] Port dpo[0] in module dist_mem_gen_v8_0_15 is either unconnected or has no load
WARNING: [Synth 8-7129] Port qdpo[15] in module dist_mem_gen_v8_0_15 is either unconnected or has no load
WARNING: [Synth 8-7129] Port qdpo[14] in module dist_mem_gen_v8_0_15 is either unconnected or has no load
WARNING: [Synth 8-7129] Port qdpo[13] in module dist_mem_gen_v8_0_15 is either unconnected or has no load
WARNING: [Synth 8-7129] Port qdpo[12] in module dist_mem_gen_v8_0_15 is either unconnected or has no load
WARNING: [Synth 8-7129] Port qdpo[11] in module dist_mem_gen_v8_0_15 is either unconnected or has no load
WARNING: [Synth 8-7129] Port qdpo[10] in module dist_mem_gen_v8_0_15 is either unconnected or has no load
WARNING: [Synth 8-7129] Port qdpo[9] in module dist_mem_gen_v8_0_15 is either unconnected or has no load
WARNING: [Synth 8-7129] Port qdpo[8] in module dist_mem_gen_v8_0_15 is either unconnected or has no load
WARNING: [Synth 8-7129] Port qdpo[7] in module dist_mem_gen_v8_0_15 is either unconnected or has no load
WARNING: [Synth 8-7129] Port qdpo[6] in module dist_mem_gen_v8_0_15 is either unconnected or has no load
WARNING: [Synth 8-7129] Port qdpo[5] in module dist_mem_gen_v8_0_15 is either unconnected or has no load
WARNING: [Synth 8-7129] Port qdpo[4] in module dist_mem_gen_v8_0_15 is either unconnected or has no load
WARNING: [Synth 8-7129] Port qdpo[3] in module dist_mem_gen_v8_0_15 is either unconnected or has no load
WARNING: [Synth 8-7129] Port qdpo[2] in module dist_mem_gen_v8_0_15 is either unconnected or has no load
WARNING: [Synth 8-7129] Port qdpo[1] in module dist_mem_gen_v8_0_15 is either unconnected or has no load
WARNING: [Synth 8-7129] Port qdpo[0] in module dist_mem_gen_v8_0_15 is either unconnected or has no load
WARNING: [Synth 8-7129] Port dpra[5] in module dist_mem_gen_v8_0_15 is either unconnected or has no load
WARNING: [Synth 8-7129] Port dpra[4] in module dist_mem_gen_v8_0_15 is either unconnected or has no load
WARNING: [Synth 8-7129] Port dpra[3] in module dist_mem_gen_v8_0_15 is either unconnected or has no load
WARNING: [Synth 8-7129] Port dpra[2] in module dist_mem_gen_v8_0_15 is either unconnected or has no load
WARNING: [Synth 8-7129] Port dpra[1] in module dist_mem_gen_v8_0_15 is either unconnected or has no load
WARNING: [Synth 8-7129] Port dpra[0] in module dist_mem_gen_v8_0_15 is either unconnected or has no load
WARNING: [Synth 8-7129] Port i_ce in module dist_mem_gen_v8_0_15 is either unconnected or has no load
WARNING: [Synth 8-7129] Port qdpo_ce in module dist_mem_gen_v8_0_15 is either unconnected or has no load
WARNING: [Synth 8-7129] Port qdpo_clk in module dist_mem_gen_v8_0_15 is either unconnected or has no load
WARNING: [Synth 8-7129] Port qdpo_rst in module dist_mem_gen_v8_0_15 is either unconnected or has no load
WARNING: [Synth 8-7129] Port qdpo_srst in module dist_mem_gen_v8_0_15 is either unconnected or has no load
---------------------------------------------------------------------------------
Finished Cross Boundary and Area Optimization : Time (s): cpu = 00:00:10 ; elapsed = 00:00:11 . Memory (MB): peak = 1587.270 ; gain = 559.750
---------------------------------------------------------------------------------
---------------------------------------------------------------------------------
Start ROM, RAM, DSP, Shift Register and Retiming Reporting
---------------------------------------------------------------------------------

Distributed RAM: Preliminary Mapping Report (see note below)
+------------+-----------------------------------------------------------+-----------+----------------------+----------------+
|Module Name | RTL Object                                                | Inference | Size (Depth x Width) | Primitives     | 
+------------+-----------------------------------------------------------+-----------+----------------------+----------------+
|U0          | synth_options.dist_mem_inst/gen_sp_ram.spram_inst/ram_reg | Implied   | 64 x 16              | RAM64X1S x 16  | 
+------------+-----------------------------------------------------------+-----------+----------------------+----------------+

Note: The table above is a preliminary report that shows the Distributed RAMs at the current stage of the synthesis flow. Some Distributed RAMs may be reimplemented as non Distributed RAM primitives later in the synthesis flow. Multiple instantiated RAMs are reported only once.
---------------------------------------------------------------------------------
Finished ROM, RAM, DSP, Shift Register and Retiming Reporting
---------------------------------------------------------------------------------
---------------------------------------------------------------------------------
Start Applying XDC Timing Constraints
---------------------------------------------------------------------------------
---------------------------------------------------------------------------------
Finished Applying XDC Timing Constraints : Time (s): cpu = 00:00:13 ; elapsed = 00:00:15 . Memory (MB): peak = 1587.270 ; gain = 559.750
---------------------------------------------------------------------------------
---------------------------------------------------------------------------------
Start Timing Optimization
---------------------------------------------------------------------------------
---------------------------------------------------------------------------------
Finished Timing Optimization : Time (s): cpu = 00:00:13 ; elapsed = 00:00:15 . Memory (MB): peak = 1587.270 ; gain = 559.750
---------------------------------------------------------------------------------
---------------------------------------------------------------------------------
Start ROM, RAM, DSP, Shift Register and Retiming Reporting
---------------------------------------------------------------------------------

Distributed RAM: Final Mapping Report
+------------+-----------------------------------------------------------+-----------+----------------------+----------------+
|Module Name | RTL Object                                                | Inference | Size (Depth x Width) | Primitives     | 
+------------+-----------------------------------------------------------+-----------+----------------------+----------------+
|U0          | synth_options.dist_mem_inst/gen_sp_ram.spram_inst/ram_reg | Implied   | 64 x 16              | RAM64X1S x 16  | 
+------------+-----------------------------------------------------------+-----------+----------------------+----------------+

---------------------------------------------------------------------------------
Finished ROM, RAM, DSP, Shift Register and Retiming Reporting
---------------------------------------------------------------------------------
---------------------------------------------------------------------------------
Start Technology Mapping
---------------------------------------------------------------------------------
---------------------------------------------------------------------------------
Finished Technology Mapping : Time (s): cpu = 00:00:13 ; elapsed = 00:00:15 . Memory (MB): peak = 1587.270 ; gain = 559.750
---------------------------------------------------------------------------------
---------------------------------------------------------------------------------
Start IO Insertion
---------------------------------------------------------------------------------
---------------------------------------------------------------------------------
Start Flattening Before IO Insertion
---------------------------------------------------------------------------------
---------------------------------------------------------------------------------
Finished Flattening Before IO Insertion
---------------------------------------------------------------------------------
---------------------------------------------------------------------------------
Start Final Netlist Cleanup
---------------------------------------------------------------------------------
---------------------------------------------------------------------------------
Finished Final Netlist Cleanup
---------------------------------------------------------------------------------
---------------------------------------------------------------------------------
Finished IO Insertion : Time (s): cpu = 00:00:16 ; elapsed = 00:00:17 . Memory (MB): peak = 1587.270 ; gain = 559.750
---------------------------------------------------------------------------------
---------------------------------------------------------------------------------
Start Renaming Generated Instances
---------------------------------------------------------------------------------
---------------------------------------------------------------------------------
Finished Renaming Generated Instances : Time (s): cpu = 00:00:16 ; elapsed = 00:00:17 . Memory (MB): peak = 1587.270 ; gain = 559.750
---------------------------------------------------------------------------------
---------------------------------------------------------------------------------
Start Rebuilding User Hierarchy
---------------------------------------------------------------------------------
---------------------------------------------------------------------------------
Finished Rebuilding User Hierarchy : Time (s): cpu = 00:00:16 ; elapsed = 00:00:17 . Memory (MB): peak = 1587.270 ; gain = 559.750
---------------------------------------------------------------------------------
---------------------------------------------------------------------------------
Start Renaming Generated Ports
---------------------------------------------------------------------------------
---------------------------------------------------------------------------------
Finished Renaming Generated Ports : Time (s): cpu = 00:00:16 ; elapsed = 00:00:17 . Memory (MB): peak = 1587.270 ; gain = 559.750
---------------------------------------------------------------------------------
---------------------------------------------------------------------------------
Start Handling Custom Attributes
---------------------------------------------------------------------------------
---------------------------------------------------------------------------------
Finished Handling Custom Attributes : Time (s): cpu = 00:00:16 ; elapsed = 00:00:17 . Memory (MB): peak = 1587.270 ; gain = 559.750
---------------------------------------------------------------------------------
---------------------------------------------------------------------------------
Start Renaming Generated Nets
---------------------------------------------------------------------------------
---------------------------------------------------------------------------------
Finished Renaming Generated Nets : Time (s): cpu = 00:00:16 ; elapsed = 00:00:17 . Memory (MB): peak = 1587.270 ; gain = 559.750
---------------------------------------------------------------------------------
---------------------------------------------------------------------------------
Start Writing Synthesis Report
---------------------------------------------------------------------------------

Report BlackBoxes: 
+-+--------------+----------+
| |BlackBox name |Instances |
+-+--------------+----------+
+-+--------------+----------+

Report Cell Usage: 
+------+---------+------+
|      |Cell     |Count |
+------+---------+------+
|1     |LUT4     |    16|
|2     |RAM64X1S |    16|
|3     |FDCE     |    16|
+------+---------+------+
---------------------------------------------------------------------------------
Finished Writing Synthesis Report : Time (s): cpu = 00:00:16 ; elapsed = 00:00:17 . Memory (MB): peak = 1587.270 ; gain = 559.750
---------------------------------------------------------------------------------
Synthesis finished with 0 errors, 0 critical warnings and 44 warnings.
Synthesis Optimization Runtime : Time (s): cpu = 00:00:11 ; elapsed = 00:00:16 . Memory (MB): peak = 1587.270 ; gain = 559.750
Synthesis Optimization Complete : Time (s): cpu = 00:00:16 ; elapsed = 00:00:18 . Memory (MB): peak = 1587.270 ; gain = 559.750
INFO: [Project 1-571] Translating synthesized netlist
Netlist sorting complete. Time (s): cpu = 00:00:00 ; elapsed = 00:00:00.001 . Memory (MB): peak = 1587.270 ; gain = 0.000
INFO: [Netlist 29-17] Analyzing 16 Unisim elements for replacement
INFO: [Netlist 29-28] Unisim Transformation completed in 0 CPU seconds
INFO: [Project 1-570] Preparing netlist for logic optimization
INFO: [Opt 31-138] Pushed 0 inverter(s) to 0 load pin(s).
Netlist sorting complete. Time (s): cpu = 00:00:00 ; elapsed = 00:00:00 . Memory (MB): peak = 1588.492 ; gain = 0.000
INFO: [Project 1-111] Unisim Transformation Summary:
  A total of 16 instances were transformed.
  RAM64X1S => RAM64X1S (RAMS64E): 16 instances

Synth Design complete | Checksum: 8a665b05
INFO: [Common 17-83] Releasing license: Synthesis
20 Infos, 98 Warnings, 0 Critical Warnings and 0 Errors encountered.
synth_design completed successfully
synth_design: Time (s): cpu = 00:00:19 ; elapsed = 00:00:27 . Memory (MB): peak = 1588.492 ; gain = 949.637
Write ShapeDB Complete: Time (s): cpu = 00:00:00 ; elapsed = 00:00:00.001 . Memory (MB): peak = 1588.492 ; gain = 0.000
INFO: [Common 17-1381] The checkpoint 'C:/Users/denis/Desktop/vpc/project_1/project_1.runs/dist_mem_gen_0_synth_1/dist_mem_gen_0.dcp' has been generated.
INFO: [Coretcl 2-1648] Added synthesis output to IP cache for IP dist_mem_gen_0, cache-ID = 04685f296e3a327d
INFO: [Coretcl 2-1174] Renamed 3 cell refs.
Write ShapeDB Complete: Time (s): cpu = 00:00:00 ; elapsed = 00:00:00.001 . Memory (MB): peak = 1588.492 ; gain = 0.000
INFO: [Common 17-1381] The checkpoint 'C:/Users/denis/Desktop/vpc/project_1/project_1.runs/dist_mem_gen_0_synth_1/dist_mem_gen_0.dcp' has been generated.
INFO: [Vivado 12-24828] Executing command : report_utilization -file dist_mem_gen_0_utilization_synth.rpt -pb dist_mem_gen_0_utilization_synth.pb
INFO: [Common 17-206] Exiting Vivado at Sun Jan  5 11:58:41 2025...
