  CREATE_STREAM @0 {NAME:writeSeq T:Transactions SCOPE:uvm_test_top.env.agent.sequencer STREAM:602}
  CREATE_STREAM @30000 {NAME:readSeq T:Transactions SCOPE:uvm_test_top.env.agent.sequencer STREAM:676}
  CREATE_STREAM @0 {NAME:writeSeq T:Transactions SCOPE:uvm_test_top.env.agent.sequencer STREAM:602}
  CREATE_STREAM @30000 {NAME:readSeq T:Transactions SCOPE:uvm_test_top.env.agent.sequencer STREAM:676}
  CREATE_STREAM @0 {NAME:writeSeq T:Transactions SCOPE:uvm_test_top.env.agent.sequencer STREAM:602}
  CREATE_STREAM @50000 {NAME:readSeq T:Transactions SCOPE:uvm_test_top.env.agent.sequencer STREAM:676}
  CREATE_STREAM @0 {NAME:writeSeq T:Transactions SCOPE:uvm_test_top.env.agent.sequencer STREAM:602}
  CREATE_STREAM @50000 {NAME:readSeq T:Transactions SCOPE:uvm_test_top.env.agent.sequencer STREAM:676}
  CREATE_STREAM @0 {NAME:writeSeq T:Transactions SCOPE:uvm_test_top.env.agent.sequencer STREAM:602}
  CREATE_STREAM @50000 {NAME:readSeq T:Transactions SCOPE:uvm_test_top.env.agent.sequencer STREAM:676}
  CREATE_STREAM @0 {NAME:writeSeq T:Transactions SCOPE:uvm_test_top.env.agent.sequencer STREAM:602}
  CREATE_STREAM @50000 {NAME:readSeq T:Transactions SCOPE:uvm_test_top.env.agent.sequencer STREAM:678}
  CREATE_STREAM @0 {NAME:writeSeq T:Transactions SCOPE:uvm_test_top.env.agent.sequencer STREAM:602}
  CREATE_STREAM @50000 {NAME:readSeq T:Transactions SCOPE:uvm_test_top.env.agent.sequencer STREAM:680}
  CREATE_STREAM @0 {NAME:writeSeq T:Transactions SCOPE:uvm_test_top.env.agent.sequencer STREAM:602}
  CREATE_STREAM @30000 {NAME:readSeq T:Transactions SCOPE:uvm_test_top.env.agent.sequencer STREAM:662}
  CREATE_STREAM @70000 {NAME:resetSyncSeq T:Transactions SCOPE:uvm_test_top.env.agent.sequencer STREAM:724}
  CREATE_STREAM @210000 {NAME:resetAsyncSeq T:Transactions SCOPE:uvm_test_top.env.agent.sequencer STREAM:846}
  CREATE_STREAM @0 {NAME:writeSeq T:Transactions SCOPE:uvm_test_top.env.agent.sequencer STREAM:602}
  CREATE_STREAM @30000 {NAME:readSeq T:Transactions SCOPE:uvm_test_top.env.agent.sequencer STREAM:662}
  CREATE_STREAM @70000 {NAME:resetSyncSeq T:Transactions SCOPE:uvm_test_top.env.agent.sequencer STREAM:724}
  CREATE_STREAM @210000 {NAME:resetAsyncSeq T:Transactions SCOPE:uvm_test_top.env.agent.sequencer STREAM:846}
  CREATE_STREAM @0 {NAME:writeSeq T:Transactions SCOPE:uvm_test_top.env.agent.sequencer STREAM:602}
  CREATE_STREAM @50000 {NAME:readSeq T:Transactions SCOPE:uvm_test_top.env.agent.sequencer STREAM:680}
  CREATE_STREAM @0 {NAME:writeSeq T:Transactions SCOPE:uvm_test_top.env.agent.sequencer STREAM:602}
  CREATE_STREAM @50000 {NAME:readSeq T:Transactions SCOPE:uvm_test_top.env.agent.sequencer STREAM:680}
  CREATE_STREAM @0 {NAME:writeSeq T:Transactions SCOPE:uvm_test_top.env.agent.sequencer STREAM:602}
  CREATE_STREAM @50000 {NAME:readSeq T:Transactions SCOPE:uvm_test_top.env.agent.sequencer STREAM:680}
  CREATE_STREAM @0 {NAME:writeSeq T:Transactions SCOPE:uvm_test_top.env.agent.sequencer STREAM:602}
  CREATE_STREAM @50000 {NAME:readSeq T:Transactions SCOPE:uvm_test_top.env.agent.sequencer STREAM:680}
  CREATE_STREAM @0 {NAME:writeSeq T:Transactions SCOPE:uvm_test_top.env.agent.sequencer STREAM:602}
  CREATE_STREAM @50000 {NAME:readSeq T:Transactions SCOPE:uvm_test_top.env.agent.sequencer STREAM:680}
  CREATE_STREAM @0 {NAME:writeSeq T:Transactions SCOPE:uvm_test_top.env.agent.sequencer STREAM:602}
  CREATE_STREAM @70000 {NAME:readSeq T:Transactions SCOPE:uvm_test_top.env.agent.sequencer STREAM:680}
  CREATE_STREAM @0 {NAME:writeSeq T:Transactions SCOPE:uvm_test_top.env.agent.sequencer STREAM:602}
  CREATE_STREAM @70000 {NAME:readSeq T:Transactions SCOPE:uvm_test_top.env.agent.sequencer STREAM:686}
  CREATE_STREAM @0 {NAME:writeSeq T:Transactions SCOPE:uvm_test_top.env.agent.sequencer STREAM:602}
  CREATE_STREAM @70000 {NAME:readSeq T:Transactions SCOPE:uvm_test_top.env.agent.sequencer STREAM:686}
  CREATE_STREAM @0 {NAME:writeSeq T:Transactions SCOPE:uvm_test_top.env.agent.sequencer STREAM:602}
  CREATE_STREAM @50000 {NAME:readSeq T:Transactions SCOPE:uvm_test_top.env.agent.sequencer STREAM:688}
  CREATE_STREAM @0 {NAME:writeSeq T:Transactions SCOPE:uvm_test_top.env.agent.sequencer STREAM:602}
  CREATE_STREAM @50000 {NAME:readSeq T:Transactions SCOPE:uvm_test_top.env.agent.sequencer STREAM:688}
  CREATE_STREAM @0 {NAME:writeSeq T:Transactions SCOPE:uvm_test_top.env.agent.sequencer STREAM:602}
  CREATE_STREAM @35000 {NAME:readSeq T:Transactions SCOPE:uvm_test_top.env.agent.sequencer STREAM:688}
  CREATE_STREAM @0 {NAME:writeSeq T:Transactions SCOPE:uvm_test_top.env.agent.sequencer STREAM:602}
  CREATE_STREAM @55000 {NAME:readSeq T:Transactions SCOPE:uvm_test_top.env.agent.sequencer STREAM:688}
  CREATE_STREAM @0 {NAME:writeSeq T:Transactions SCOPE:uvm_test_top.env.agent.sequencer STREAM:602}
  CREATE_STREAM @55000 {NAME:readSeq T:Transactions SCOPE:uvm_test_top.env.agent.sequencer STREAM:688}
  CREATE_STREAM @0 {NAME:writeSeq T:Transactions SCOPE:uvm_test_top.env.agent.sequencer STREAM:602}
  CREATE_STREAM @90000 {NAME:readSeq T:Transactions SCOPE:uvm_test_top.env.agent.sequencer STREAM:688}
  CREATE_STREAM @0 {NAME:writeSeq T:Transactions SCOPE:uvm_test_top.env.agent.sequencer STREAM:602}
  CREATE_STREAM @70000 {NAME:readSeq T:Transactions SCOPE:uvm_test_top.env.agent.sequencer STREAM:688}
  CREATE_STREAM @0 {NAME:writeSeq T:Transactions SCOPE:uvm_test_top.env.agent.sequencer STREAM:602}
  CREATE_STREAM @70000 {NAME:readSeq T:Transactions SCOPE:uvm_test_top.env.agent.sequencer STREAM:688}
  CREATE_STREAM @0 {NAME:writeSeq T:Transactions SCOPE:uvm_test_top.env.agent.sequencer STREAM:602}
  CREATE_STREAM @70000 {NAME:readSeq T:Transactions SCOPE:uvm_test_top.env.agent.sequencer STREAM:688}
  CREATE_STREAM @0 {NAME:writeSeq T:Transactions SCOPE:uvm_test_top.env.agent.sequencer STREAM:604}
  CREATE_STREAM @70000 {NAME:readSeq T:Transactions SCOPE:uvm_test_top.env.agent.sequencer STREAM:690}
  CREATE_STREAM @0 {NAME:writeSeq T:Transactions SCOPE:uvm_test_top.env.agent.sequencer STREAM:606}
  CREATE_STREAM @70000 {NAME:readSeq T:Transactions SCOPE:uvm_test_top.env.agent.sequencer STREAM:692}
  CREATE_STREAM @0 {NAME:writeSeq T:Transactions SCOPE:uvm_test_top.env.agent.sequencer STREAM:606}
  CREATE_STREAM @70000 {NAME:readSeq T:Transactions SCOPE:uvm_test_top.env.agent.sequencer STREAM:692}
  CREATE_STREAM @0 {NAME:writeSeq T:Transactions SCOPE:uvm_test_top.env.agent.sequencer STREAM:606}
  CREATE_STREAM @70000 {NAME:readSeq T:Transactions SCOPE:uvm_test_top.env.agent.sequencer STREAM:692}
  CREATE_STREAM @0 {NAME:writeSeq T:Transactions SCOPE:uvm_test_top.env.agent.sequencer STREAM:606}
  CREATE_STREAM @70000 {NAME:readSeq T:Transactions SCOPE:uvm_test_top.env.agent.sequencer STREAM:692}
  CREATE_STREAM @0 {NAME:writeSeq T:Transactions SCOPE:uvm_test_top.env.agent.sequencer STREAM:606}
  CREATE_STREAM @70000 {NAME:readSeq T:Transactions SCOPE:uvm_test_top.env.agent.sequencer STREAM:692}
  CREATE_STREAM @0 {NAME:writeSeq T:Transactions SCOPE:uvm_test_top.env.agent.sequencer STREAM:606}
  CREATE_STREAM @70000 {NAME:readSeq T:Transactions SCOPE:uvm_test_top.env.agent.sequencer STREAM:692}
  CREATE_STREAM @0 {NAME:writeSeq T:Transactions SCOPE:uvm_test_top.env.agent.sequencer STREAM:606}
  CREATE_STREAM @70000 {NAME:readSeq T:Transactions SCOPE:uvm_test_top.env.agent.sequencer STREAM:692}
  CREATE_STREAM @0 {NAME:writeSeq T:Transactions SCOPE:uvm_test_top.env.agent.sequencer STREAM:606}
  CREATE_STREAM @0 {NAME:writeSeq T:Transactions SCOPE:uvm_test_top.env.agent.sequencer STREAM:606}
  CREATE_STREAM @70000 {NAME:readSeq T:Transactions SCOPE:uvm_test_top.env.agent.sequencer STREAM:690}
  CREATE_STREAM @0 {NAME:writeSeq T:Transactions SCOPE:uvm_test_top.env.agent.sequencer STREAM:606}
  CREATE_STREAM @70000 {NAME:readSeq T:Transactions SCOPE:uvm_test_top.env.agent.sequencer STREAM:690}
  CREATE_STREAM @0 {NAME:writeSeq T:Transactions SCOPE:uvm_test_top.env.agent.sequencer STREAM:606}
  CREATE_STREAM @70000 {NAME:readSeq T:Transactions SCOPE:uvm_test_top.env.agent.sequencer STREAM:690}
  CREATE_STREAM @0 {NAME:writeSeq T:Transactions SCOPE:uvm_test_top.env.agent.sequencer STREAM:606}
  CREATE_STREAM @70000 {NAME:readSeq T:Transactions SCOPE:uvm_test_top.env.agent.sequencer STREAM:690}
  CREATE_STREAM @0 {NAME:writeSeq T:Transactions SCOPE:uvm_test_top.env.agent.sequencer STREAM:606}
  CREATE_STREAM @70000 {NAME:readSeq T:Transactions SCOPE:uvm_test_top.env.agent.sequencer STREAM:690}
  CREATE_STREAM @0 {NAME:writeSeq T:Transactions SCOPE:uvm_test_top.env.agent.sequencer STREAM:606}
  CREATE_STREAM @70000 {NAME:readSeq T:Transactions SCOPE:uvm_test_top.env.agent.sequencer STREAM:690}
  CREATE_STREAM @0 {NAME:writeSeq T:Transactions SCOPE:uvm_test_top.env.agent.sequencer STREAM:606}
  CREATE_STREAM @70000 {NAME:readSeq T:Transactions SCOPE:uvm_test_top.env.agent.sequencer STREAM:690}
  CREATE_STREAM @0 {NAME:writeSeq T:Transactions SCOPE:uvm_test_top.env.agent.sequencer STREAM:606}
  CREATE_STREAM @70000 {NAME:readSeq T:Transactions SCOPE:uvm_test_top.env.agent.sequencer STREAM:690}
  CREATE_STREAM @0 {NAME:writeSeq T:Transactions SCOPE:uvm_test_top.env.agent.sequencer STREAM:606}
  CREATE_STREAM @70000 {NAME:readSeq T:Transactions SCOPE:uvm_test_top.env.agent.sequencer STREAM:690}
  CREATE_STREAM @0 {NAME:writeSeq T:Transactions SCOPE:uvm_test_top.env.agent.sequencer STREAM:606}
  CREATE_STREAM @70000 {NAME:readSeq T:Transactions SCOPE:uvm_test_top.env.agent.sequencer STREAM:690}
  CREATE_STREAM @0 {NAME:writeSeq T:Transactions SCOPE:uvm_test_top.env.agent.sequencer STREAM:606}
  CREATE_STREAM @70000 {NAME:readSeq T:Transactions SCOPE:uvm_test_top.env.agent.sequencer STREAM:690}
  CREATE_STREAM @710000 {NAME:resetSyncSeq T:Transactions SCOPE:uvm_test_top.env.agent.sequencer STREAM:1058}
  CREATE_STREAM @871000 {NAME:resetAsyncSeq T:Transactions SCOPE:uvm_test_top.env.agent.sequencer STREAM:1198}
  CREATE_STREAM @0 {NAME:writeSeq T:Transactions SCOPE:uvm_test_top.env.agent.sequencer STREAM:606}
  CREATE_STREAM @70000 {NAME:readSeq T:Transactions SCOPE:uvm_test_top.env.agent.sequencer STREAM:690}
  CREATE_STREAM @710000 {NAME:resetSyncSeq T:Transactions SCOPE:uvm_test_top.env.agent.sequencer STREAM:1058}
  CREATE_STREAM @871000 {NAME:resetAsyncSeq T:Transactions SCOPE:uvm_test_top.env.agent.sequencer STREAM:1198}
  CREATE_STREAM @0 {NAME:writeSeq T:Transactions SCOPE:uvm_test_top.env.agent.sequencer STREAM:606}
  CREATE_STREAM @0 {NAME:writeSeq T:Transactions SCOPE:uvm_test_top.env.agent.sequencer STREAM:606}
  CREATE_STREAM @70000 {NAME:readSeq T:Transactions SCOPE:uvm_test_top.env.agent.sequencer STREAM:690}
  CREATE_STREAM @710000 {NAME:resetSyncSeq T:Transactions SCOPE:uvm_test_top.env.agent.sequencer STREAM:1058}
  CREATE_STREAM @871000 {NAME:resetAsyncSeq T:Transactions SCOPE:uvm_test_top.env.agent.sequencer STREAM:1198}
  CREATE_STREAM @0 {NAME:writeSeq T:Transactions SCOPE:uvm_test_top.env.agent.sequencer STREAM:606}
  CREATE_STREAM @70000 {NAME:readSeq T:Transactions SCOPE:uvm_test_top.env.agent.sequencer STREAM:690}
  CREATE_STREAM @710000 {NAME:resetSyncSeq T:Transactions SCOPE:uvm_test_top.env.agent.sequencer STREAM:1058}
  CREATE_STREAM @871000 {NAME:resetAsyncSeq T:Transactions SCOPE:uvm_test_top.env.agent.sequencer STREAM:1198}
  CREATE_STREAM @0 {NAME:writeSeq T:Transactions SCOPE:uvm_test_top.env.agent.sequencer STREAM:606}
  CREATE_STREAM @70000 {NAME:readSeq T:Transactions SCOPE:uvm_test_top.env.agent.sequencer STREAM:690}
  CREATE_STREAM @710000 {NAME:resetSyncSeq T:Transactions SCOPE:uvm_test_top.env.agent.sequencer STREAM:1058}
  CREATE_STREAM @871000 {NAME:resetAsyncSeq T:Transactions SCOPE:uvm_test_top.env.agent.sequencer STREAM:1198}
  CREATE_STREAM @0 {NAME:writeSeq T:Transactions SCOPE:uvm_test_top.env.agent.sequencer STREAM:606}
  CREATE_STREAM @70000 {NAME:readSeq T:Transactions SCOPE:uvm_test_top.env.agent.sequencer STREAM:690}
  CREATE_STREAM @710000 {NAME:resetSyncSeq T:Transactions SCOPE:uvm_test_top.env.agent.sequencer STREAM:1058}
  CREATE_STREAM @871000 {NAME:resetAsyncSeq T:Transactions SCOPE:uvm_test_top.env.agent.sequencer STREAM:1198}
  CREATE_STREAM @0 {NAME:writeSeq T:Transactions SCOPE:uvm_test_top.env.agent.sequencer STREAM:606}
  CREATE_STREAM @30000 {NAME:readSeq T:Transactions SCOPE:uvm_test_top.env.agent.sequencer STREAM:664}
  CREATE_STREAM @470000 {NAME:resetSyncSeq T:Transactions SCOPE:uvm_test_top.env.agent.sequencer STREAM:872}
  CREATE_STREAM @511000 {NAME:resetAsyncSeq T:Transactions SCOPE:uvm_test_top.env.agent.sequencer STREAM:954}
  CREATE_STREAM @0 {NAME:writeSeq T:Transactions SCOPE:uvm_test_top.env.agent.sequencer STREAM:606}
  CREATE_STREAM @70000 {NAME:readSeq T:Transactions SCOPE:uvm_test_top.env.agent.sequencer STREAM:690}
  CREATE_STREAM @710000 {NAME:resetSyncSeq T:Transactions SCOPE:uvm_test_top.env.agent.sequencer STREAM:1058}
  CREATE_STREAM @871000 {NAME:resetAsyncSeq T:Transactions SCOPE:uvm_test_top.env.agent.sequencer STREAM:1198}
  CREATE_STREAM @0 {NAME:writeSeq T:Transactions SCOPE:uvm_test_top.env.agent.sequencer STREAM:606}
  CREATE_STREAM @70000 {NAME:readSeq T:Transactions SCOPE:uvm_test_top.env.agent.sequencer STREAM:690}
  CREATE_STREAM @710000 {NAME:resetSyncSeq T:Transactions SCOPE:uvm_test_top.env.agent.sequencer STREAM:1058}
  CREATE_STREAM @871000 {NAME:resetAsyncSeq T:Transactions SCOPE:uvm_test_top.env.agent.sequencer STREAM:1198}
  CREATE_STREAM @0 {NAME:writeSeq T:Transactions SCOPE:uvm_test_top.env.agent.sequencer STREAM:606}
  CREATE_STREAM @70000 {NAME:readSeq T:Transactions SCOPE:uvm_test_top.env.agent.sequencer STREAM:690}
  CREATE_STREAM @710000 {NAME:resetSyncSeq T:Transactions SCOPE:uvm_test_top.env.agent.sequencer STREAM:1058}
  CREATE_STREAM @871000 {NAME:resetAsyncSeq T:Transactions SCOPE:uvm_test_top.env.agent.sequencer STREAM:1190}
  CREATE_STREAM @0 {NAME:writeSeq T:Transactions SCOPE:uvm_test_top.env.agent.sequencer STREAM:606}
  CREATE_STREAM @70000 {NAME:readSeq T:Transactions SCOPE:uvm_test_top.env.agent.sequencer STREAM:690}
  CREATE_STREAM @710000 {NAME:resetSyncSeq T:Transactions SCOPE:uvm_test_top.env.agent.sequencer STREAM:1058}
  CREATE_STREAM @871000 {NAME:resetAsyncSeq T:Transactions SCOPE:uvm_test_top.env.agent.sequencer STREAM:1190}
  CREATE_STREAM @0 {NAME:writeSeq T:Transactions SCOPE:uvm_test_top.env.agent.sequencer STREAM:606}
  CREATE_STREAM @70000 {NAME:readSeq T:Transactions SCOPE:uvm_test_top.env.agent.sequencer STREAM:690}
  CREATE_STREAM @710000 {NAME:resetSyncSeq T:Transactions SCOPE:uvm_test_top.env.agent.sequencer STREAM:1058}
  CREATE_STREAM @871000 {NAME:resetAsyncSeq T:Transactions SCOPE:uvm_test_top.env.agent.sequencer STREAM:1190}
  CREATE_STREAM @0 {NAME:writeSeq T:Transactions SCOPE:uvm_test_top.env.agent.sequencer STREAM:606}
  CREATE_STREAM @70000 {NAME:readSeq T:Transactions SCOPE:uvm_test_top.env.agent.sequencer STREAM:690}
  CREATE_STREAM @530000 {NAME:resetSyncSeq T:Transactions SCOPE:uvm_test_top.env.agent.sequencer STREAM:1058}
  CREATE_STREAM @691000 {NAME:resetAsyncSeq T:Transactions SCOPE:uvm_test_top.env.agent.sequencer STREAM:1190}
  CREATE_STREAM @0 {NAME:writeSeq T:Transactions SCOPE:uvm_test_top.env.agent.sequencer STREAM:606}
  CREATE_STREAM @70000 {NAME:readSeq T:Transactions SCOPE:uvm_test_top.env.agent.sequencer STREAM:690}
  CREATE_STREAM @490000 {NAME:resetSyncSeq T:Transactions SCOPE:uvm_test_top.env.agent.sequencer STREAM:1002}
  CREATE_STREAM @651000 {NAME:resetAsyncSeq T:Transactions SCOPE:uvm_test_top.env.agent.sequencer STREAM:1134}
  CREATE_STREAM @0 {NAME:writeSeq T:Transactions SCOPE:uvm_test_top.env.agent.sequencer STREAM:606}
  CREATE_STREAM @50000 {NAME:readSeq T:Transactions SCOPE:uvm_test_top.env.agent.sequencer STREAM:690}
  CREATE_STREAM @470000 {NAME:resetSyncSeq T:Transactions SCOPE:uvm_test_top.env.agent.sequencer STREAM:1002}
  CREATE_STREAM @631000 {NAME:resetAsyncSeq T:Transactions SCOPE:uvm_test_top.env.agent.sequencer STREAM:1134}
  CREATE_STREAM @0 {NAME:writeSeq T:Transactions SCOPE:uvm_test_top.env.agent.sequencer STREAM:606}
  CREATE_STREAM @30000 {NAME:readSeq T:Transactions SCOPE:uvm_test_top.env.agent.sequencer STREAM:682}
  CREATE_STREAM @450000 {NAME:resetSyncSeq T:Transactions SCOPE:uvm_test_top.env.agent.sequencer STREAM:1002}
  CREATE_STREAM @611000 {NAME:resetAsyncSeq T:Transactions SCOPE:uvm_test_top.env.agent.sequencer STREAM:1134}
  CREATE_STREAM @0 {NAME:writeSeq T:Transactions SCOPE:uvm_test_top.env.agent.sequencer STREAM:606}
  CREATE_STREAM @0 {NAME:writeSeq T:Transactions SCOPE:uvm_test_top.env.agent.sequencer STREAM:606}
  CREATE_STREAM @30000 {NAME:readSeq T:Transactions SCOPE:uvm_test_top.env.agent.sequencer STREAM:682}
  CREATE_STREAM @450000 {NAME:resetSyncSeq T:Transactions SCOPE:uvm_test_top.env.agent.sequencer STREAM:1002}
  CREATE_STREAM @611000 {NAME:resetAsyncSeq T:Transactions SCOPE:uvm_test_top.env.agent.sequencer STREAM:1134}
  CREATE_STREAM @0 {NAME:writeSeq T:Transactions SCOPE:uvm_test_top.env.agent.sequencer STREAM:606}
  CREATE_STREAM @30000 {NAME:readSeq T:Transactions SCOPE:uvm_test_top.env.agent.sequencer STREAM:682}
  CREATE_STREAM @450000 {NAME:resetSyncSeq T:Transactions SCOPE:uvm_test_top.env.agent.sequencer STREAM:1002}
  CREATE_STREAM @611000 {NAME:resetAsyncSeq T:Transactions SCOPE:uvm_test_top.env.agent.sequencer STREAM:1134}
  CREATE_STREAM @0 {NAME:writeSeq T:Transactions SCOPE:uvm_test_top.env.agent.sequencer STREAM:606}
  CREATE_STREAM @30000 {NAME:readSeq T:Transactions SCOPE:uvm_test_top.env.agent.sequencer STREAM:674}
  CREATE_STREAM @430000 {NAME:resetSyncSeq T:Transactions SCOPE:uvm_test_top.env.agent.sequencer STREAM:978}
  CREATE_STREAM @591000 {NAME:resetAsyncSeq T:Transactions SCOPE:uvm_test_top.env.agent.sequencer STREAM:1102}
  CREATE_STREAM @0 {NAME:writeSeq T:Transactions SCOPE:uvm_test_top.env.agent.sequencer STREAM:606}
  CREATE_STREAM @30000 {NAME:readSeq T:Transactions SCOPE:uvm_test_top.env.agent.sequencer STREAM:666}
  CREATE_STREAM @430000 {NAME:resetSyncSeq T:Transactions SCOPE:uvm_test_top.env.agent.sequencer STREAM:962}
  CREATE_STREAM @591000 {NAME:resetAsyncSeq T:Transactions SCOPE:uvm_test_top.env.agent.sequencer STREAM:1086}
  CREATE_STREAM @0 {NAME:writeSeq T:Transactions SCOPE:uvm_test_top.env.agent.sequencer STREAM:606}
  CREATE_STREAM @30000 {NAME:readSeq T:Transactions SCOPE:uvm_test_top.env.agent.sequencer STREAM:666}
  CREATE_STREAM @430000 {NAME:resetSyncSeq T:Transactions SCOPE:uvm_test_top.env.agent.sequencer STREAM:962}
  CREATE_STREAM @591000 {NAME:resetAsyncSeq T:Transactions SCOPE:uvm_test_top.env.agent.sequencer STREAM:1086}
  CREATE_STREAM @0 {NAME:writeSeq T:Transactions SCOPE:uvm_test_top.env.agent.sequencer STREAM:606}
  CREATE_STREAM @30000 {NAME:readSeq T:Transactions SCOPE:uvm_test_top.env.agent.sequencer STREAM:682}
  CREATE_STREAM @430000 {NAME:resetSyncSeq T:Transactions SCOPE:uvm_test_top.env.agent.sequencer STREAM:1010}
  CREATE_STREAM @591000 {NAME:resetAsyncSeq T:Transactions SCOPE:uvm_test_top.env.agent.sequencer STREAM:1142}
  CREATE_STREAM @0 {NAME:writeSeq T:Transactions SCOPE:uvm_test_top.env.agent.sequencer STREAM:606}
  CREATE_STREAM @30000 {NAME:readSeq T:Transactions SCOPE:uvm_test_top.env.agent.sequencer STREAM:682}
  CREATE_STREAM @410000 {NAME:resetSyncSeq T:Transactions SCOPE:uvm_test_top.env.agent.sequencer STREAM:1010}
  CREATE_STREAM @571000 {NAME:resetAsyncSeq T:Transactions SCOPE:uvm_test_top.env.agent.sequencer STREAM:1142}
  CREATE_STREAM @0 {NAME:writeSeq T:Transactions SCOPE:uvm_test_top.env.agent.sequencer STREAM:606}
  CREATE_STREAM @30000 {NAME:readSeq T:Transactions SCOPE:uvm_test_top.env.agent.sequencer STREAM:682}
  CREATE_STREAM @410000 {NAME:resetSyncSeq T:Transactions SCOPE:uvm_test_top.env.agent.sequencer STREAM:1010}
  CREATE_STREAM @571000 {NAME:resetAsyncSeq T:Transactions SCOPE:uvm_test_top.env.agent.sequencer STREAM:1150}
  CREATE_STREAM @0 {NAME:writeSeq T:Transactions SCOPE:uvm_test_top.env.agent.sequencer STREAM:606}
  CREATE_STREAM @30000 {NAME:readSeq T:Transactions SCOPE:uvm_test_top.env.agent.sequencer STREAM:682}
  CREATE_STREAM @390000 {NAME:resetSyncSeq T:Transactions SCOPE:uvm_test_top.env.agent.sequencer STREAM:1010}
  CREATE_STREAM @531000 {NAME:resetAsyncSeq T:Transactions SCOPE:uvm_test_top.env.agent.sequencer STREAM:1150}
  CREATE_STREAM @0 {NAME:writeSeq T:Transactions SCOPE:uvm_test_top.env.agent.sequencer STREAM:606}
  CREATE_STREAM @30000 {NAME:readSeq T:Transactions SCOPE:uvm_test_top.env.agent.sequencer STREAM:682}
  CREATE_STREAM @390000 {NAME:resetSyncSeq T:Transactions SCOPE:uvm_test_top.env.agent.sequencer STREAM:1010}
  CREATE_STREAM @530000 {NAME:resetAsyncSeq T:Transactions SCOPE:uvm_test_top.env.agent.sequencer STREAM:1150}
  CREATE_STREAM @0 {NAME:writeSeq T:Transactions SCOPE:uvm_test_top.env.agent.sequencer STREAM:606}
  CREATE_STREAM @30000 {NAME:readSeq T:Transactions SCOPE:uvm_test_top.env.agent.sequencer STREAM:682}
  CREATE_STREAM @390000 {NAME:resetSyncSeq T:Transactions SCOPE:uvm_test_top.env.agent.sequencer STREAM:1010}
  CREATE_STREAM @510000 {NAME:resetAsyncSeq T:Transactions SCOPE:uvm_test_top.env.agent.sequencer STREAM:1148}
  CREATE_STREAM @0 {NAME:writeSeq T:Transactions SCOPE:uvm_test_top.env.agent.sequencer STREAM:606}
  CREATE_STREAM @30000 {NAME:readSeq T:Transactions SCOPE:uvm_test_top.env.agent.sequencer STREAM:682}
  CREATE_STREAM @390000 {NAME:resetSyncSeq T:Transactions SCOPE:uvm_test_top.env.agent.sequencer STREAM:1010}
  CREATE_STREAM @530000 {NAME:resetAsyncSeq T:Transactions SCOPE:uvm_test_top.env.agent.sequencer STREAM:1148}
  CREATE_STREAM @0 {NAME:writeSeq T:Transactions SCOPE:uvm_test_top.env.agent.sequencer STREAM:606}
  CREATE_STREAM @30000 {NAME:readSeq T:Transactions SCOPE:uvm_test_top.env.agent.sequencer STREAM:682}
  CREATE_STREAM @405000 {NAME:resetSyncSeq T:Transactions SCOPE:uvm_test_top.env.agent.sequencer STREAM:1010}
  CREATE_STREAM @510000 {NAME:resetAsyncSeq T:Transactions SCOPE:uvm_test_top.env.agent.sequencer STREAM:1148}
  CREATE_STREAM @0 {NAME:writeSeq T:Transactions SCOPE:uvm_test_top.env.agent.sequencer STREAM:606}
  CREATE_STREAM @30000 {NAME:readSeq T:Transactions SCOPE:uvm_test_top.env.agent.sequencer STREAM:682}
  CREATE_STREAM @405000 {NAME:resetSyncSeq T:Transactions SCOPE:uvm_test_top.env.agent.sequencer STREAM:1010}
  CREATE_STREAM @510000 {NAME:resetAsyncSeq T:Transactions SCOPE:uvm_test_top.env.agent.sequencer STREAM:1148}
  CREATE_STREAM @0 {NAME:writeSeq T:Transactions SCOPE:uvm_test_top.env.agent.sequencer STREAM:606}
  CREATE_STREAM @30000 {NAME:readSeq T:Transactions SCOPE:uvm_test_top.env.agent.sequencer STREAM:682}
  CREATE_STREAM @390000 {NAME:resetSyncSeq T:Transactions SCOPE:uvm_test_top.env.agent.sequencer STREAM:1010}
  CREATE_STREAM @525000 {NAME:resetAsyncSeq T:Transactions SCOPE:uvm_test_top.env.agent.sequencer STREAM:1148}
  CREATE_STREAM @0 {NAME:writeSeq T:Transactions SCOPE:uvm_test_top.env.agent.sequencer STREAM:606}
  CREATE_STREAM @30000 {NAME:readSeq T:Transactions SCOPE:uvm_test_top.env.agent.sequencer STREAM:682}
  CREATE_STREAM @390000 {NAME:resetSyncSeq T:Transactions SCOPE:uvm_test_top.env.agent.sequencer STREAM:1010}
  CREATE_STREAM @525000 {NAME:resetAsyncSeq T:Transactions SCOPE:uvm_test_top.env.agent.sequencer STREAM:1148}
  CREATE_STREAM @0 {NAME:writeSeq T:Transactions SCOPE:uvm_test_top.env.agent.sequencer STREAM:606}
  CREATE_STREAM @30000 {NAME:readSeq T:Transactions SCOPE:uvm_test_top.env.agent.sequencer STREAM:682}
  CREATE_STREAM @390000 {NAME:resetSyncSeq T:Transactions SCOPE:uvm_test_top.env.agent.sequencer STREAM:1010}
  CREATE_STREAM @525000 {NAME:resetAsyncSeq T:Transactions SCOPE:uvm_test_top.env.agent.sequencer STREAM:1148}
  CREATE_STREAM @0 {NAME:writeSeq T:Transactions SCOPE:uvm_test_top.env.agent.sequencer STREAM:606}
  CREATE_STREAM @30000 {NAME:readSeq T:Transactions SCOPE:uvm_test_top.env.agent.sequencer STREAM:682}
  CREATE_STREAM @390000 {NAME:resetSyncSeq T:Transactions SCOPE:uvm_test_top.env.agent.sequencer STREAM:1008}
  CREATE_STREAM @525000 {NAME:resetAsyncSeq T:Transactions SCOPE:uvm_test_top.env.agent.sequencer STREAM:1144}
  CREATE_STREAM @0 {NAME:writeSeq T:Transactions SCOPE:uvm_test_top.env.agent.sequencer STREAM:606}
  CREATE_STREAM @30000 {NAME:readSeq T:Transactions SCOPE:uvm_test_top.env.agent.sequencer STREAM:682}
  CREATE_STREAM @390000 {NAME:resetSyncSeq T:Transactions SCOPE:uvm_test_top.env.agent.sequencer STREAM:1008}
  CREATE_STREAM @525000 {NAME:resetAsyncSeq T:Transactions SCOPE:uvm_test_top.env.agent.sequencer STREAM:1144}
  CREATE_STREAM @0 {NAME:writeSeq T:Transactions SCOPE:uvm_test_top.env.agent.sequencer STREAM:606}
  CREATE_STREAM @30000 {NAME:readSeq T:Transactions SCOPE:uvm_test_top.env.agent.sequencer STREAM:682}
  CREATE_STREAM @405000 {NAME:resetSyncSeq T:Transactions SCOPE:uvm_test_top.env.agent.sequencer STREAM:1008}
  CREATE_STREAM @525000 {NAME:resetAsyncSeq T:Transactions SCOPE:uvm_test_top.env.agent.sequencer STREAM:1144}
  CREATE_STREAM @0 {NAME:writeSeq T:Transactions SCOPE:uvm_test_top.env.agent.sequencer STREAM:606}
  CREATE_STREAM @30000 {NAME:readSeq T:Transactions SCOPE:uvm_test_top.env.agent.sequencer STREAM:682}
  CREATE_STREAM @365000 {NAME:resetSyncSeq T:Transactions SCOPE:uvm_test_top.env.agent.sequencer STREAM:1008}
  CREATE_STREAM @485000 {NAME:resetAsyncSeq T:Transactions SCOPE:uvm_test_top.env.agent.sequencer STREAM:1144}
  CREATE_STREAM @0 {NAME:writeSeq T:Transactions SCOPE:uvm_test_top.env.agent.sequencer STREAM:606}
  CREATE_STREAM @30000 {NAME:readSeq T:Transactions SCOPE:uvm_test_top.env.agent.sequencer STREAM:682}
  CREATE_STREAM @365000 {NAME:resetSyncSeq T:Transactions SCOPE:uvm_test_top.env.agent.sequencer STREAM:1008}
  CREATE_STREAM @485000 {NAME:resetAsyncSeq T:Transactions SCOPE:uvm_test_top.env.agent.sequencer STREAM:1144}
  CREATE_STREAM @0 {NAME:writeSeq T:Transactions SCOPE:uvm_test_top.env.agent.sequencer STREAM:606}
  CREATE_STREAM @30000 {NAME:readSeq T:Transactions SCOPE:uvm_test_top.env.agent.sequencer STREAM:682}
  CREATE_STREAM @365000 {NAME:resetSyncSeq T:Transactions SCOPE:uvm_test_top.env.agent.sequencer STREAM:1008}
  CREATE_STREAM @485000 {NAME:resetAsyncSeq T:Transactions SCOPE:uvm_test_top.env.agent.sequencer STREAM:1144}
  CREATE_STREAM @0 {NAME:writeSeq T:Transactions SCOPE:uvm_test_top.env.agent.sequencer STREAM:606}
  CREATE_STREAM @30000 {NAME:readSeq T:Transactions SCOPE:uvm_test_top.env.agent.sequencer STREAM:682}
  CREATE_STREAM @365000 {NAME:resetSyncSeq T:Transactions SCOPE:uvm_test_top.env.agent.sequencer STREAM:1008}
  CREATE_STREAM @485000 {NAME:resetAsyncSeq T:Transactions SCOPE:uvm_test_top.env.agent.sequencer STREAM:1144}
  CREATE_STREAM @0 {NAME:writeSeq T:Transactions SCOPE:uvm_test_top.env.agent.sequencer STREAM:606}
  CREATE_STREAM @30000 {NAME:readSeq T:Transactions SCOPE:uvm_test_top.env.agent.sequencer STREAM:682}
  CREATE_STREAM @365000 {NAME:resetSyncSeq T:Transactions SCOPE:uvm_test_top.env.agent.sequencer STREAM:1008}
  CREATE_STREAM @485000 {NAME:resetAsyncSeq T:Transactions SCOPE:uvm_test_top.env.agent.sequencer STREAM:1144}
  CREATE_STREAM @0 {NAME:writeSeq T:Transactions SCOPE:uvm_test_top.env.agent.sequencer STREAM:606}
  CREATE_STREAM @30000 {NAME:readSeq T:Transactions SCOPE:uvm_test_top.env.agent.sequencer STREAM:682}
  CREATE_STREAM @365000 {NAME:resetSyncSeq T:Transactions SCOPE:uvm_test_top.env.agent.sequencer STREAM:1008}
  CREATE_STREAM @485000 {NAME:resetAsyncSeq T:Transactions SCOPE:uvm_test_top.env.agent.sequencer STREAM:1144}
  CREATE_STREAM @0 {NAME:writeSeq T:Transactions SCOPE:uvm_test_top.env.agent.sequencer STREAM:606}
  CREATE_STREAM @30000 {NAME:readSeq T:Transactions SCOPE:uvm_test_top.env.agent.sequencer STREAM:682}
  CREATE_STREAM @365000 {NAME:resetSyncSeq T:Transactions SCOPE:uvm_test_top.env.agent.sequencer STREAM:1008}
  CREATE_STREAM @485000 {NAME:resetAsyncSeq T:Transactions SCOPE:uvm_test_top.env.agent.sequencer STREAM:1144}
  CREATE_STREAM @0 {NAME:writeSeq T:Transactions SCOPE:uvm_test_top.env.agent.sequencer STREAM:606}
  CREATE_STREAM @30000 {NAME:readSeq T:Transactions SCOPE:uvm_test_top.env.agent.sequencer STREAM:682}
  CREATE_STREAM @365000 {NAME:resetSyncSeq T:Transactions SCOPE:uvm_test_top.env.agent.sequencer STREAM:1008}
  CREATE_STREAM @485000 {NAME:resetAsyncSeq T:Transactions SCOPE:uvm_test_top.env.agent.sequencer STREAM:1144}
  CREATE_STREAM @0 {NAME:writeSeq T:Transactions SCOPE:uvm_test_top.env.agent.sequencer STREAM:606}
  CREATE_STREAM @30000 {NAME:readSeq T:Transactions SCOPE:uvm_test_top.env.agent.sequencer STREAM:682}
  CREATE_STREAM @365000 {NAME:resetSyncSeq T:Transactions SCOPE:uvm_test_top.env.agent.sequencer STREAM:1008}
  CREATE_STREAM @485000 {NAME:resetAsyncSeq T:Transactions SCOPE:uvm_test_top.env.agent.sequencer STREAM:1144}
  CREATE_STREAM @0 {NAME:writeSeq T:Transactions SCOPE:uvm_test_top.env.agent.sequencer STREAM:606}
  CREATE_STREAM @30000 {NAME:readSeq T:Transactions SCOPE:uvm_test_top.env.agent.sequencer STREAM:682}
  CREATE_STREAM @365000 {NAME:resetSyncSeq T:Transactions SCOPE:uvm_test_top.env.agent.sequencer STREAM:1008}
  CREATE_STREAM @485000 {NAME:resetAsyncSeq T:Transactions SCOPE:uvm_test_top.env.agent.sequencer STREAM:1144}
  CREATE_STREAM @0 {NAME:writeSeq T:Transactions SCOPE:uvm_test_top.env.agent.sequencer STREAM:606}
  CREATE_STREAM @30000 {NAME:readSeq T:Transactions SCOPE:uvm_test_top.env.agent.sequencer STREAM:682}
  CREATE_STREAM @365000 {NAME:resetSyncSeq T:Transactions SCOPE:uvm_test_top.env.agent.sequencer STREAM:1008}
  CREATE_STREAM @485000 {NAME:resetAsyncSeq T:Transactions SCOPE:uvm_test_top.env.agent.sequencer STREAM:1144}
  CREATE_STREAM @0 {NAME:writeSeq T:Transactions SCOPE:uvm_test_top.env.agent.sequencer STREAM:606}
  CREATE_STREAM @30000 {NAME:readSeq T:Transactions SCOPE:uvm_test_top.env.agent.sequencer STREAM:682}
  CREATE_STREAM @365000 {NAME:resetSyncSeq T:Transactions SCOPE:uvm_test_top.env.agent.sequencer STREAM:1008}
  CREATE_STREAM @485000 {NAME:resetAsyncSeq T:Transactions SCOPE:uvm_test_top.env.agent.sequencer STREAM:1144}
  CREATE_STREAM @0 {NAME:writeSeq T:Transactions SCOPE:uvm_test_top.env.agent.sequencer STREAM:606}
  CREATE_STREAM @30000 {NAME:readSeq T:Transactions SCOPE:uvm_test_top.env.agent.sequencer STREAM:682}
  CREATE_STREAM @365000 {NAME:resetSyncSeq T:Transactions SCOPE:uvm_test_top.env.agent.sequencer STREAM:1008}
  CREATE_STREAM @485000 {NAME:resetAsyncSeq T:Transactions SCOPE:uvm_test_top.env.agent.sequencer STREAM:1144}
  CREATE_STREAM @0 {NAME:writeSeq T:Transactions SCOPE:uvm_test_top.env.agent.sequencer STREAM:606}
  CREATE_STREAM @30000 {NAME:readSeq T:Transactions SCOPE:uvm_test_top.env.agent.sequencer STREAM:682}
  CREATE_STREAM @365000 {NAME:resetSyncSeq T:Transactions SCOPE:uvm_test_top.env.agent.sequencer STREAM:1008}
  CREATE_STREAM @485000 {NAME:resetAsyncSeq T:Transactions SCOPE:uvm_test_top.env.agent.sequencer STREAM:1144}
  CREATE_STREAM @0 {NAME:writeSeq T:Transactions SCOPE:uvm_test_top.env.agent.sequencer STREAM:606}
  CREATE_STREAM @30000 {NAME:readSeq T:Transactions SCOPE:uvm_test_top.env.agent.sequencer STREAM:682}
  CREATE_STREAM @365000 {NAME:resetSyncSeq T:Transactions SCOPE:uvm_test_top.env.agent.sequencer STREAM:1008}
  CREATE_STREAM @485000 {NAME:resetAsyncSeq T:Transactions SCOPE:uvm_test_top.env.agent.sequencer STREAM:1144}
  CREATE_STREAM @0 {NAME:writeSeq T:Transactions SCOPE:uvm_test_top.env.agent.sequencer STREAM:606}
  CREATE_STREAM @30000 {NAME:readSeq T:Transactions SCOPE:uvm_test_top.env.agent.sequencer STREAM:690}
  CREATE_STREAM @365000 {NAME:resetSyncSeq T:Transactions SCOPE:uvm_test_top.env.agent.sequencer STREAM:1008}
  CREATE_STREAM @485000 {NAME:resetAsyncSeq T:Transactions SCOPE:uvm_test_top.env.agent.sequencer STREAM:1152}
  CREATE_STREAM @0 {NAME:writeSeq T:Transactions SCOPE:uvm_test_top.env.agent.sequencer STREAM:606}
  CREATE_STREAM @30000 {NAME:readSeq T:Transactions SCOPE:uvm_test_top.env.agent.sequencer STREAM:674}
  CREATE_STREAM @365000 {NAME:resetSyncSeq T:Transactions SCOPE:uvm_test_top.env.agent.sequencer STREAM:944}
  CREATE_STREAM @485000 {NAME:resetAsyncSeq T:Transactions SCOPE:uvm_test_top.env.agent.sequencer STREAM:1072}
  CREATE_STREAM @0 {NAME:writeSeq T:Transactions SCOPE:uvm_test_top.env.agent.sequencer STREAM:606}
  CREATE_STREAM @30000 {NAME:readSeq T:Transactions SCOPE:uvm_test_top.env.agent.sequencer STREAM:674}
  CREATE_STREAM @0 {NAME:writeSeq T:Transactions SCOPE:uvm_test_top.env.agent.sequencer STREAM:606}
  CREATE_STREAM @55000 {NAME:readSeq T:Transactions SCOPE:uvm_test_top.env.agent.sequencer STREAM:674}
  CREATE_STREAM @0 {NAME:writeSeq T:Transactions SCOPE:uvm_test_top.env.agent.sequencer STREAM:606}
  CREATE_STREAM @55000 {NAME:readSeq T:Transactions SCOPE:uvm_test_top.env.agent.sequencer STREAM:690}
  CREATE_STREAM @0 {NAME:writeSeq T:Transactions SCOPE:uvm_test_top.env.agent.sequencer STREAM:606}
  CREATE_STREAM @30000 {NAME:readSeq T:Transactions SCOPE:uvm_test_top.env.agent.sequencer STREAM:690}
  CREATE_STREAM @0 {NAME:writeSeq T:Transactions SCOPE:uvm_test_top.env.agent.sequencer STREAM:606}
  CREATE_STREAM @30000 {NAME:readSeq T:Transactions SCOPE:uvm_test_top.env.agent.sequencer STREAM:690}
  CREATE_STREAM @0 {NAME:writeSeq T:Transactions SCOPE:uvm_test_top.env.agent.sequencer STREAM:606}
  CREATE_STREAM @55000 {NAME:readSeq T:Transactions SCOPE:uvm_test_top.env.agent.sequencer STREAM:690}
  CREATE_STREAM @0 {NAME:writeSeq T:Transactions SCOPE:uvm_test_top.env.agent.sequencer STREAM:606}
  CREATE_STREAM @55000 {NAME:readSeq T:Transactions SCOPE:uvm_test_top.env.agent.sequencer STREAM:690}
  CREATE_STREAM @0 {NAME:writeSeq T:Transactions SCOPE:uvm_test_top.env.agent.sequencer STREAM:606}
  CREATE_STREAM @55000 {NAME:readSeq T:Transactions SCOPE:uvm_test_top.env.agent.sequencer STREAM:690}
  CREATE_STREAM @0 {NAME:writeSeq T:Transactions SCOPE:uvm_test_top.env.agent.sequencer STREAM:606}
  CREATE_STREAM @115000 {NAME:readSeq T:Transactions SCOPE:uvm_test_top.env.agent.sequencer STREAM:746}
  CREATE_STREAM @0 {NAME:writeSeq T:Transactions SCOPE:uvm_test_top.env.agent.sequencer STREAM:606}
  CREATE_STREAM @0 {NAME:writeSeq T:Transactions SCOPE:uvm_test_top.env.agent.sequencer STREAM:606}
  CREATE_STREAM @0 {NAME:writeSeq T:Transactions SCOPE:uvm_test_top.env.agent.sequencer STREAM:606}
  CREATE_STREAM @0 {NAME:writeSeq T:Transactions SCOPE:uvm_test_top.env.agent.sequencer STREAM:606}
  CREATE_STREAM @0 {NAME:writeSeq T:Transactions SCOPE:uvm_test_top.env.agent.sequencer STREAM:606}
  CREATE_STREAM @0 {NAME:writeSeq T:Transactions SCOPE:uvm_test_top.env.agent.sequencer STREAM:606}
  CREATE_STREAM @505000 {NAME:readSeq T:Transactions SCOPE:uvm_test_top.env.agent.sequencer STREAM:970}
  CREATE_STREAM @0 {NAME:writeSeq T:Transactions SCOPE:uvm_test_top.env.agent.sequencer STREAM:606}
  CREATE_STREAM @505000 {NAME:readSeq T:Transactions SCOPE:uvm_test_top.env.agent.sequencer STREAM:970}
  CREATE_STREAM @0 {NAME:writeSeq T:Transactions SCOPE:uvm_test_top.env.agent.sequencer STREAM:606}
  CREATE_STREAM @505000 {NAME:readSeq T:Transactions SCOPE:uvm_test_top.env.agent.sequencer STREAM:970}
  CREATE_STREAM @0 {NAME:writeSeq T:Transactions SCOPE:uvm_test_top.env.agent.sequencer STREAM:606}
  CREATE_STREAM @505000 {NAME:readSeq T:Transactions SCOPE:uvm_test_top.env.agent.sequencer STREAM:970}
  CREATE_STREAM @0 {NAME:writeSeq T:Transactions SCOPE:uvm_test_top.env.agent.sequencer STREAM:606}
  CREATE_STREAM @505000 {NAME:readSeq T:Transactions SCOPE:uvm_test_top.env.agent.sequencer STREAM:970}
  CREATE_STREAM @0 {NAME:writeSeq T:Transactions SCOPE:uvm_test_top.env.agent.sequencer STREAM:606}
  CREATE_STREAM @505000 {NAME:readSeq T:Transactions SCOPE:uvm_test_top.env.agent.sequencer STREAM:970}
  CREATE_STREAM @0 {NAME:writeSeq T:Transactions SCOPE:uvm_test_top.env.agent.sequencer STREAM:606}
  CREATE_STREAM @505000 {NAME:readSeq T:Transactions SCOPE:uvm_test_top.env.agent.sequencer STREAM:970}
  CREATE_STREAM @0 {NAME:writeSeq T:Transactions SCOPE:uvm_test_top.env.agent.sequencer STREAM:606}
  CREATE_STREAM @505000 {NAME:readSeq T:Transactions SCOPE:uvm_test_top.env.agent.sequencer STREAM:970}
  CREATE_STREAM @0 {NAME:writeSeq T:Transactions SCOPE:uvm_test_top.env.agent.sequencer STREAM:606}
  CREATE_STREAM @505000 {NAME:readSeq T:Transactions SCOPE:uvm_test_top.env.agent.sequencer STREAM:970}
  CREATE_STREAM @0 {NAME:writeSeq T:Transactions SCOPE:uvm_test_top.env.agent.sequencer STREAM:606}
  CREATE_STREAM @505000 {NAME:readSeq T:Transactions SCOPE:uvm_test_top.env.agent.sequencer STREAM:970}
  CREATE_STREAM @0 {NAME:writeSeq T:Transactions SCOPE:uvm_test_top.env.agent.sequencer STREAM:606}
  CREATE_STREAM @505000 {NAME:readSeq T:Transactions SCOPE:uvm_test_top.env.agent.sequencer STREAM:970}
  CREATE_STREAM @0 {NAME:writeSeq T:Transactions SCOPE:uvm_test_top.env.agent.sequencer STREAM:606}
  CREATE_STREAM @505000 {NAME:readSeq T:Transactions SCOPE:uvm_test_top.env.agent.sequencer STREAM:970}
  CREATE_STREAM @0 {NAME:writeSeq T:Transactions SCOPE:uvm_test_top.env.agent.sequencer STREAM:606}
  CREATE_STREAM @505000 {NAME:readSeq T:Transactions SCOPE:uvm_test_top.env.agent.sequencer STREAM:970}
  CREATE_STREAM @0 {NAME:writeSeq T:Transactions SCOPE:uvm_test_top.env.agent.sequencer STREAM:606}
  CREATE_STREAM @505000 {NAME:readSeq T:Transactions SCOPE:uvm_test_top.env.agent.sequencer STREAM:970}
  CREATE_STREAM @0 {NAME:writeSeq T:Transactions SCOPE:uvm_test_top.env.agent.sequencer STREAM:606}
  CREATE_STREAM @505000 {NAME:readSeq T:Transactions SCOPE:uvm_test_top.env.agent.sequencer STREAM:970}
  CREATE_STREAM @785000 {NAME:resetSyncSeq T:Transactions SCOPE:uvm_test_top.env.agent.sequencer STREAM:1164}
  CREATE_STREAM @0 {NAME:writeSeq T:Transactions SCOPE:uvm_test_top.env.agent.sequencer STREAM:606}
  CREATE_STREAM @505000 {NAME:readSeq T:Transactions SCOPE:uvm_test_top.env.agent.sequencer STREAM:970}
  CREATE_STREAM @785000 {NAME:resetSyncSeq T:Transactions SCOPE:uvm_test_top.env.agent.sequencer STREAM:1164}
  CREATE_STREAM @0 {NAME:writeSeq T:Transactions SCOPE:uvm_test_top.env.agent.sequencer STREAM:606}
  CREATE_STREAM @505000 {NAME:readSeq T:Transactions SCOPE:uvm_test_top.env.agent.sequencer STREAM:970}
  CREATE_STREAM @785000 {NAME:resetSyncSeq T:Transactions SCOPE:uvm_test_top.env.agent.sequencer STREAM:1164}
  CREATE_STREAM @0 {NAME:writeSeq T:Transactions SCOPE:uvm_test_top.env.agent.sequencer STREAM:606}
  CREATE_STREAM @505000 {NAME:readSeq T:Transactions SCOPE:uvm_test_top.env.agent.sequencer STREAM:970}
  CREATE_STREAM @785000 {NAME:resetSyncSeq T:Transactions SCOPE:uvm_test_top.env.agent.sequencer STREAM:1164}
  CREATE_STREAM @0 {NAME:writeSeq T:Transactions SCOPE:uvm_test_top.env.agent.sequencer STREAM:606}
  CREATE_STREAM @505000 {NAME:readSeq T:Transactions SCOPE:uvm_test_top.env.agent.sequencer STREAM:970}
  CREATE_STREAM @785000 {NAME:resetSyncSeq T:Transactions SCOPE:uvm_test_top.env.agent.sequencer STREAM:1164}
  CREATE_STREAM @0 {NAME:writeSeq T:Transactions SCOPE:uvm_test_top.env.agent.sequencer STREAM:606}
  CREATE_STREAM @505000 {NAME:readSeq T:Transactions SCOPE:uvm_test_top.env.agent.sequencer STREAM:970}
  CREATE_STREAM @825000 {NAME:resetSyncSeq T:Transactions SCOPE:uvm_test_top.env.agent.sequencer STREAM:1164}
  CREATE_STREAM @0 {NAME:writeSeq T:Transactions SCOPE:uvm_test_top.env.agent.sequencer STREAM:606}
  CREATE_STREAM @505000 {NAME:readSeq T:Transactions SCOPE:uvm_test_top.env.agent.sequencer STREAM:970}
  CREATE_STREAM @825000 {NAME:resetSyncSeq T:Transactions SCOPE:uvm_test_top.env.agent.sequencer STREAM:1164}
  CREATE_STREAM @0 {NAME:writeSeq T:Transactions SCOPE:uvm_test_top.env.agent.sequencer STREAM:606}
  CREATE_STREAM @505000 {NAME:readSeq T:Transactions SCOPE:uvm_test_top.env.agent.sequencer STREAM:970}
  CREATE_STREAM @825000 {NAME:resetSyncSeq T:Transactions SCOPE:uvm_test_top.env.agent.sequencer STREAM:1164}
  CREATE_STREAM @0 {NAME:writeSeq T:Transactions SCOPE:uvm_test_top.env.agent.sequencer STREAM:606}
  CREATE_STREAM @505000 {NAME:readSeq T:Transactions SCOPE:uvm_test_top.env.agent.sequencer STREAM:970}
  CREATE_STREAM @825000 {NAME:resetSyncSeq T:Transactions SCOPE:uvm_test_top.env.agent.sequencer STREAM:1164}
  CREATE_STREAM @0 {NAME:writeSeq T:Transactions SCOPE:uvm_test_top.env.agent.sequencer STREAM:606}
  CREATE_STREAM @505000 {NAME:readSeq T:Transactions SCOPE:uvm_test_top.env.agent.sequencer STREAM:970}
  CREATE_STREAM @825000 {NAME:resetSyncSeq T:Transactions SCOPE:uvm_test_top.env.agent.sequencer STREAM:1164}
  CREATE_STREAM @0 {NAME:writeSeq T:Transactions SCOPE:uvm_test_top.env.agent.sequencer STREAM:606}
  CREATE_STREAM @505000 {NAME:readSeq T:Transactions SCOPE:uvm_test_top.env.agent.sequencer STREAM:970}
  CREATE_STREAM @825000 {NAME:resetSyncSeq T:Transactions SCOPE:uvm_test_top.env.agent.sequencer STREAM:1164}
  CREATE_STREAM @0 {NAME:writeSeq T:Transactions SCOPE:uvm_test_top.env.agent.sequencer STREAM:606}
  CREATE_STREAM @505000 {NAME:readSeq T:Transactions SCOPE:uvm_test_top.env.agent.sequencer STREAM:970}
  CREATE_STREAM @825000 {NAME:resetSyncSeq T:Transactions SCOPE:uvm_test_top.env.agent.sequencer STREAM:1164}
  CREATE_STREAM @0 {NAME:writeSeq T:Transactions SCOPE:uvm_test_top.env.agent.sequencer STREAM:606}
  CREATE_STREAM @505000 {NAME:readSeq T:Transactions SCOPE:uvm_test_top.env.agent.sequencer STREAM:970}
  CREATE_STREAM @825000 {NAME:resetSyncSeq T:Transactions SCOPE:uvm_test_top.env.agent.sequencer STREAM:1164}
  CREATE_STREAM @0 {NAME:writeSeq T:Transactions SCOPE:uvm_test_top.env.agent.sequencer STREAM:606}
  CREATE_STREAM @505000 {NAME:readSeq T:Transactions SCOPE:uvm_test_top.env.agent.sequencer STREAM:970}
  CREATE_STREAM @825000 {NAME:resetSyncSeq T:Transactions SCOPE:uvm_test_top.env.agent.sequencer STREAM:1164}
  CREATE_STREAM @0 {NAME:writeSeq T:Transactions SCOPE:uvm_test_top.env.agent.sequencer STREAM:606}
  CREATE_STREAM @505000 {NAME:readSeq T:Transactions SCOPE:uvm_test_top.env.agent.sequencer STREAM:970}
  CREATE_STREAM @825000 {NAME:resetSyncSeq T:Transactions SCOPE:uvm_test_top.env.agent.sequencer STREAM:1164}
  CREATE_STREAM @0 {NAME:writeSeq T:Transactions SCOPE:uvm_test_top.env.agent.sequencer STREAM:606}
  CREATE_STREAM @505000 {NAME:readSeq T:Transactions SCOPE:uvm_test_top.env.agent.sequencer STREAM:970}
  CREATE_STREAM @825000 {NAME:resetSyncSeq T:Transactions SCOPE:uvm_test_top.env.agent.sequencer STREAM:1164}
  CREATE_STREAM @0 {NAME:writeSeq T:Transactions SCOPE:uvm_test_top.env.agent.sequencer STREAM:606}
  CREATE_STREAM @505000 {NAME:readSeq T:Transactions SCOPE:uvm_test_top.env.agent.sequencer STREAM:970}
  CREATE_STREAM @825000 {NAME:resetSyncSeq T:Transactions SCOPE:uvm_test_top.env.agent.sequencer STREAM:1164}
  CREATE_STREAM @0 {NAME:writeSeq T:Transactions SCOPE:uvm_test_top.env.agent.sequencer STREAM:606}
  CREATE_STREAM @505000 {NAME:readSeq T:Transactions SCOPE:uvm_test_top.env.agent.sequencer STREAM:970}
  CREATE_STREAM @825000 {NAME:resetSyncSeq T:Transactions SCOPE:uvm_test_top.env.agent.sequencer STREAM:1164}
  CREATE_STREAM @0 {NAME:writeSeq T:Transactions SCOPE:uvm_test_top.env.agent.sequencer STREAM:606}
  CREATE_STREAM @505000 {NAME:readSeq T:Transactions SCOPE:uvm_test_top.env.agent.sequencer STREAM:970}
  CREATE_STREAM @825000 {NAME:resetSyncSeq T:Transactions SCOPE:uvm_test_top.env.agent.sequencer STREAM:1164}
  CREATE_STREAM @0 {NAME:writeSeq T:Transactions SCOPE:uvm_test_top.env.agent.sequencer STREAM:606}
  CREATE_STREAM @505000 {NAME:readSeq T:Transactions SCOPE:uvm_test_top.env.agent.sequencer STREAM:970}
  CREATE_STREAM @825000 {NAME:resetSyncSeq T:Transactions SCOPE:uvm_test_top.env.agent.sequencer STREAM:1164}
  CREATE_STREAM @0 {NAME:writeSeq T:Transactions SCOPE:uvm_test_top.env.agent.sequencer STREAM:606}
  CREATE_STREAM @505000 {NAME:readSeq T:Transactions SCOPE:uvm_test_top.env.agent.sequencer STREAM:970}
  CREATE_STREAM @825000 {NAME:resetSyncSeq T:Transactions SCOPE:uvm_test_top.env.agent.sequencer STREAM:1164}
  CREATE_STREAM @1037000 {NAME:resetAsyncSeq T:Transactions SCOPE:uvm_test_top.env.agent.sequencer STREAM:1298}
  CREATE_STREAM @0 {NAME:writeSeq T:Transactions SCOPE:uvm_test_top.env.agent.sequencer STREAM:606}
  CREATE_STREAM @505000 {NAME:readSeq T:Transactions SCOPE:uvm_test_top.env.agent.sequencer STREAM:970}
  CREATE_STREAM @825000 {NAME:resetSyncSeq T:Transactions SCOPE:uvm_test_top.env.agent.sequencer STREAM:1164}
  CREATE_STREAM @1037000 {NAME:resetAsyncSeq T:Transactions SCOPE:uvm_test_top.env.agent.sequencer STREAM:1298}
  CREATE_STREAM @0 {NAME:writeSeq T:Transactions SCOPE:uvm_test_top.env.agent.sequencer STREAM:606}
  CREATE_STREAM @385000 {NAME:readSeq T:Transactions SCOPE:uvm_test_top.env.agent.sequencer STREAM:970}
  CREATE_STREAM @705000 {NAME:resetSyncSeq T:Transactions SCOPE:uvm_test_top.env.agent.sequencer STREAM:1164}
  CREATE_STREAM @917000 {NAME:resetAsyncSeq T:Transactions SCOPE:uvm_test_top.env.agent.sequencer STREAM:1298}
  CREATE_STREAM @0 {NAME:writeSeq T:Transactions SCOPE:uvm_test_top.env.agent.sequencer STREAM:606}
  CREATE_STREAM @385000 {NAME:readSeq T:Transactions SCOPE:uvm_test_top.env.agent.sequencer STREAM:970}
  CREATE_STREAM @705000 {NAME:resetSyncSeq T:Transactions SCOPE:uvm_test_top.env.agent.sequencer STREAM:1164}
  CREATE_STREAM @917000 {NAME:resetAsyncSeq T:Transactions SCOPE:uvm_test_top.env.agent.sequencer STREAM:1298}
  CREATE_STREAM @0 {NAME:writeSeq T:Transactions SCOPE:uvm_test_top.env.agent.sequencer STREAM:606}
  CREATE_STREAM @385000 {NAME:readSeq T:Transactions SCOPE:uvm_test_top.env.agent.sequencer STREAM:970}
  CREATE_STREAM @705000 {NAME:resetSyncSeq T:Transactions SCOPE:uvm_test_top.env.agent.sequencer STREAM:1164}
  CREATE_STREAM @917000 {NAME:resetAsyncSeq T:Transactions SCOPE:uvm_test_top.env.agent.sequencer STREAM:1298}
  CREATE_STREAM @0 {NAME:writeSeq T:Transactions SCOPE:uvm_test_top.env.agent.sequencer STREAM:606}
  CREATE_STREAM @385000 {NAME:readSeq T:Transactions SCOPE:uvm_test_top.env.agent.sequencer STREAM:970}
  CREATE_STREAM @705000 {NAME:resetSyncSeq T:Transactions SCOPE:uvm_test_top.env.agent.sequencer STREAM:1164}
  CREATE_STREAM @917000 {NAME:resetAsyncSeq T:Transactions SCOPE:uvm_test_top.env.agent.sequencer STREAM:1298}
  CREATE_STREAM @0 {NAME:writeSeq T:Transactions SCOPE:uvm_test_top.env.agent.sequencer STREAM:606}
  CREATE_STREAM @385000 {NAME:readSeq T:Transactions SCOPE:uvm_test_top.env.agent.sequencer STREAM:970}
  CREATE_STREAM @705000 {NAME:resetSyncSeq T:Transactions SCOPE:uvm_test_top.env.agent.sequencer STREAM:1164}
  CREATE_STREAM @917000 {NAME:resetAsyncSeq T:Transactions SCOPE:uvm_test_top.env.agent.sequencer STREAM:1298}
  CREATE_STREAM @0 {NAME:writeSeq T:Transactions SCOPE:uvm_test_top.env.agent.sequencer STREAM:606}
  CREATE_STREAM @385000 {NAME:readSeq T:Transactions SCOPE:uvm_test_top.env.agent.sequencer STREAM:970}
  CREATE_STREAM @705000 {NAME:resetSyncSeq T:Transactions SCOPE:uvm_test_top.env.agent.sequencer STREAM:1164}
  CREATE_STREAM @917000 {NAME:resetAsyncSeq T:Transactions SCOPE:uvm_test_top.env.agent.sequencer STREAM:1298}
