#-----------------------------------------------------------
# Vivado v2024.1 (64-bit)
# SW Build 5076996 on Wed May 22 18:37:14 MDT 2024
# IP Build 5075265 on Wed May 22 21:45:21 MDT 2024
# SharedData Build 5076995 on Wed May 22 18:29:18 MDT 2024
# Start of session at: Thu Jan 16 10:51:54 2025
# Process ID: 20156
# Current directory: C:/Users/denis/Desktop/vpc/bun/project_1
# Command line: vivado.exe -gui_launcher_event rodinguilauncherevent9612 C:\Users\denis\Desktop\vpc\bun\project_1\project_1.xpr
# Log file: C:/Users/denis/Desktop/vpc/bun/project_1/vivado.log
# Journal file: C:/Users/denis/Desktop/vpc/bun/project_1\vivado.jou
# Running On        :Denisa
# Platform          :Windows Server 2016 or Windows 10
# Operating System  :26100
# Processor Detail  :Intel(R) Core(TM) Ultra 7 155H
# CPU Frequency     :2995 MHz
# CPU Physical cores:16
# CPU Logical cores :22
# Host memory       :33945 MB
# Swap memory       :2147 MB
# Total Virtual     :36093 MB
# Available Virtual :23093 MB
#-----------------------------------------------------------
start_gui
open_project C:/Users/denis/Desktop/vpc/bun/project_1/project_1.xpr
WARNING: [Board 49-26] cannot add Board Part xilinx.com:vek280_es:part0:1.0 available at C:/Xilinx/Vivado/2024.1/data/xhub/boards/XilinxBoardStore/boards/Xilinx/vek280/es/rev_a/1.0/board.xml as part xcve2802-vsvh1760-2lp-e-s-es1 specified in board_part file is either invalid or not available
WARNING: [Board 49-26] cannot add Board Part xilinx.com:vek280_es:part0:1.1 available at C:/Xilinx/Vivado/2024.1/data/xhub/boards/XilinxBoardStore/boards/Xilinx/vek280/es/rev_a/1.1/board.xml as part xcve2802-vsvh1760-2lp-e-s-es1 specified in board_part file is either invalid or not available
WARNING: [Board 49-26] cannot add Board Part xilinx.com:vek280_es_revb:part0:1.0 available at C:/Xilinx/Vivado/2024.1/data/xhub/boards/XilinxBoardStore/boards/Xilinx/vek280/es/rev_b/1.0/board.xml as part xcve2802-vsvh1760-2mp-e-s-es1 specified in board_part file is either invalid or not available
WARNING: [Board 49-26] cannot add Board Part xilinx.com:vek280_es_revb:part0:1.1 available at C:/Xilinx/Vivado/2024.1/data/xhub/boards/XilinxBoardStore/boards/Xilinx/vek280/es/rev_b/1.1/board.xml as part xcve2802-vsvh1760-2mp-e-s-es1 specified in board_part file is either invalid or not available
WARNING: [Board 49-26] cannot add Board Part xilinx.com:vhk158_es:part0:1.0 available at C:/Xilinx/Vivado/2024.1/data/xhub/boards/XilinxBoardStore/boards/Xilinx/vhk158/es/1.0/board.xml as part xcvh1582-vsva3697-2mp-e-s-es1 specified in board_part file is either invalid or not available
WARNING: [Board 49-26] cannot add Board Part xilinx.com:vhk158_es:part0:1.1 available at C:/Xilinx/Vivado/2024.1/data/xhub/boards/XilinxBoardStore/boards/Xilinx/vhk158/es/1.1/board.xml as part xcvh1582-vsva3697-2mp-e-s-es1 specified in board_part file is either invalid or not available
WARNING: [Board 49-26] cannot add Board Part xilinx.com:zcu208ld:part0:2.0 available at C:/Xilinx/Vivado/2024.1/data/xhub/boards/XilinxBoardStore/boards/Xilinx/zcu208ld/production/2.0/board.xml as part xczu58dr-fsvg1517-2-i specified in board_part file is either invalid or not available
WARNING: [Board 49-26] cannot add Board Part xilinx.com:zcu216ld:part0:2.0 available at C:/Xilinx/Vivado/2024.1/data/xhub/boards/XilinxBoardStore/boards/Xilinx/zcu216ld/production/2.0/board.xml as part xczu59dr-ffvf1760-2-i specified in board_part file is either invalid or not available
WARNING: [Board 49-26] cannot add Board Part xilinx.com:zcu670ld:part0:1.0 available at C:/Xilinx/Vivado/2024.1/data/xhub/boards/XilinxBoardStore/boards/Xilinx/zcu670ld/1.0/board.xml as part xczu57dr-fsve1156-2-i specified in board_part file is either invalid or not available
Scanning sources...
Finished scanning sources
INFO: [IP_Flow 19-234] Refreshing IP repositories
INFO: [IP_Flow 19-1704] No user IP repositories specified
INFO: [IP_Flow 19-2313] Loaded Vivado IP repository 'C:/Xilinx/Vivado/2024.1/data/ip'.
open_project: Time (s): cpu = 00:00:17 ; elapsed = 00:00:09 . Memory (MB): peak = 1659.543 ; gain = 405.289
update_compile_order -fileset sources_1
WARNING: [filemgmt 56-199] Attempt to get parsing info during refresh. "On-the-fly" syntax checking information may be incorrect. [C:\Users\denis\Desktop\vpc\bun\project_1\project_1.srcs\sim_1\new\dist_mem_gen_rw_sequence.sv:]
WARNING: [filemgmt 56-199] Attempt to get parsing info during refresh. "On-the-fly" syntax checking information may be incorrect. [C:\Users\denis\Desktop\vpc\bun\project_1\project_1.srcs\sim_1\new\dist_mem_gen_driver.sv:]
WARNING: [filemgmt 56-199] Attempt to get parsing info during refresh. "On-the-fly" syntax checking information may be incorrect. [C:\Users\denis\Desktop\vpc\bun\project_1\project_1.srcs\sim_1\new\dist_mem_gen_rw_sequence.sv:]
WARNING: [filemgmt 56-199] Attempt to get parsing info during refresh. "On-the-fly" syntax checking information may be incorrect. [C:\Users\denis\Desktop\vpc\bun\project_1\project_1.srcs\sim_1\new\dist_mem_gen_rw_sequence.sv:]
ERROR: [Common 17-180] Spawn failed: No error
WARNING: [filemgmt 56-199] Attempt to get parsing info during refresh. "On-the-fly" syntax checking information may be incorrect. [C:\Users\denis\Desktop\vpc\bun\project_1\project_1.srcs\sim_1\new\dist_mem_gen_seq_items1.sv:]
WARNING: [filemgmt 56-199] Attempt to get parsing info during refresh. "On-the-fly" syntax checking information may be incorrect. [C:\Users\denis\Desktop\vpc\bun\project_1\project_1.srcs\sim_1\new\dist_mem_gen_rw_sequence.sv:]
WARNING: [filemgmt 56-199] Attempt to get parsing info during refresh. "On-the-fly" syntax checking information may be incorrect. [C:\Users\denis\Desktop\vpc\bun\project_1\project_1.srcs\sim_1\new\rw_test.sv:]
WARNING: [filemgmt 56-199] Attempt to get parsing info during refresh. "On-the-fly" syntax checking information may be incorrect. [C:\Users\denis\Desktop\vpc\bun\project_1\project_1.srcs\sim_1\new\dist_mem_gen_rw_sequence.sv:]
WARNING: [filemgmt 56-199] Attempt to get parsing info during refresh. "On-the-fly" syntax checking information may be incorrect. [C:\Users\denis\Desktop\vpc\bun\project_1\project_1.srcs\sim_1\new\dist_mem_gen_rw_sequence.sv:]
WARNING: [filemgmt 56-199] Attempt to get parsing info during refresh. "On-the-fly" syntax checking information may be incorrect. [C:\Users\denis\Desktop\vpc\bun\project_1\project_1.srcs\sim_1\new\dist_mem_gen_seq_items1.sv:]
WARNING: [filemgmt 56-199] Attempt to get parsing info during refresh. "On-the-fly" syntax checking information may be incorrect. [C:\Users\denis\Desktop\vpc\bun\project_1\project_1.srcs\sim_1\new\dist_mem_gen_rw_sequence.sv:]
WARNING: [filemgmt 56-199] Attempt to get parsing info during refresh. "On-the-fly" syntax checking information may be incorrect. [C:\Users\denis\Desktop\vpc\bun\project_1\project_1.srcs\sim_1\new\rw_test.sv:]
WARNING: [filemgmt 56-199] Attempt to get parsing info during refresh. "On-the-fly" syntax checking information may be incorrect. [C:\Users\denis\Desktop\vpc\bun\project_1\project_1.srcs\sim_1\new\dist_mem_gen_seq_items1.sv:]
WARNING: [filemgmt 56-199] Attempt to get parsing info during refresh. "On-the-fly" syntax checking information may be incorrect. [C:\Users\denis\Desktop\vpc\bun\project_1\project_1.srcs\sim_1\new\dist_mem_gen_seq_items1.sv:]
WARNING: [filemgmt 56-199] Attempt to get parsing info during refresh. "On-the-fly" syntax checking information may be incorrect. [C:\Users\denis\Desktop\vpc\bun\project_1\project_1.srcs\sim_1\new\rw_test.sv:]
WARNING: [filemgmt 56-199] Attempt to get parsing info during refresh. "On-the-fly" syntax checking information may be incorrect. [C:\Users\denis\Desktop\vpc\bun\project_1\project_1.srcs\sim_1\new\dist_mem_gen_driver.sv:]
WARNING: [filemgmt 56-199] Attempt to get parsing info during refresh. "On-the-fly" syntax checking information may be incorrect. [C:\Users\denis\Desktop\vpc\bun\project_1\project_1.srcs\sim_1\new\dist_mem_gen_driver.sv:]
WARNING: [filemgmt 56-199] Attempt to get parsing info during refresh. "On-the-fly" syntax checking information may be incorrect. [C:\Users\denis\Desktop\vpc\bun\project_1\project_1.srcs\sim_1\new\dist_mem_gen_driver.sv:]
ERROR: [Common 17-180] Spawn failed: No error
exit
INFO: [Common 17-206] Exiting Vivado at Thu Jan 16 13:59:45 2025...
